mode: set
github.com/wonderpus/wonderpus/internal/channel/discord/discord.go:23.64,28.2 1 0
github.com/wonderpus/wonderpus/internal/channel/discord/discord.go:31.33,33.2 1 0
github.com/wonderpus/wonderpus/internal/channel/discord/discord.go:36.52,37.19 1 0
github.com/wonderpus/wonderpus/internal/channel/discord/discord.go:37.19,39.3 1 0
github.com/wonderpus/wonderpus/internal/channel/discord/discord.go:41.2,42.16 2 0
github.com/wonderpus/wonderpus/internal/channel/discord/discord.go:42.16,44.3 1 0
github.com/wonderpus/wonderpus/internal/channel/discord/discord.go:46.2,50.16 4 0
github.com/wonderpus/wonderpus/internal/channel/discord/discord.go:50.16,52.3 1 0
github.com/wonderpus/wonderpus/internal/channel/discord/discord.go:54.2,57.12 3 0
github.com/wonderpus/wonderpus/internal/channel/discord/discord.go:61.32,62.22 1 0
github.com/wonderpus/wonderpus/internal/channel/discord/discord.go:62.22,64.3 1 0
github.com/wonderpus/wonderpus/internal/channel/discord/discord.go:65.2,65.12 1 0
github.com/wonderpus/wonderpus/internal/channel/discord/discord.go:68.83,70.36 1 0
github.com/wonderpus/wonderpus/internal/channel/discord/discord.go:70.36,72.3 1 0
github.com/wonderpus/wonderpus/internal/channel/discord/discord.go:75.2,78.16 3 0
github.com/wonderpus/wonderpus/internal/channel/discord/discord.go:78.16,80.3 1 0
github.com/wonderpus/wonderpus/internal/channel/discord/discord.go:83.2,83.34 1 0
github.com/wonderpus/wonderpus/internal/channel/discord/discord.go:83.34,86.3 2 0
github.com/wonderpus/wonderpus/internal/channel/discord/discord.go:89.2,91.31 3 0
github.com/wonderpus/wonderpus/internal/channel/discord/discord.go:91.31,92.30 1 0
github.com/wonderpus/wonderpus/internal/channel/discord/discord.go:92.30,94.9 2 0
github.com/wonderpus/wonderpus/internal/channel/discord/discord.go:98.2,98.25 1 0
github.com/wonderpus/wonderpus/internal/channel/discord/discord.go:98.25,100.3 1 0
github.com/wonderpus/wonderpus/internal/channel/discord/discord.go:103.2,103.15 1 0
github.com/wonderpus/wonderpus/internal/channel/discord/discord.go:103.15,107.3 3 0
github.com/wonderpus/wonderpus/internal/channel/discord/discord.go:109.2,109.53 1 0
github.com/wonderpus/wonderpus/internal/channel/discord/discord.go:109.53,121.17 5 0
github.com/wonderpus/wonderpus/internal/channel/discord/discord.go:121.17,124.4 2 0
github.com/wonderpus/wonderpus/internal/channel/discord/discord.go:126.3,128.23 2 0
github.com/wonderpus/wonderpus/internal/channel/discord/discord.go:128.23,129.41 1 0
github.com/wonderpus/wonderpus/internal/channel/discord/discord.go:129.41,131.24 2 0
github.com/wonderpus/wonderpus/internal/channel/discord/discord.go:131.24,133.6 1 0
github.com/wonderpus/wonderpus/internal/channel/discord/discord.go:134.5,134.49 1 0
github.com/wonderpus/wonderpus/internal/channel/discord/discord.go:136.9,138.4 1 0
github.com/wonderpus/wonderpus/internal/channel/discord/discord.go:142.95,146.17 3 0
github.com/wonderpus/wonderpus/internal/channel/discord/discord.go:147.16,148.144 1 0
github.com/wonderpus/wonderpus/internal/channel/discord/discord.go:149.15,171.48 2 0
github.com/wonderpus/wonderpus/internal/channel/discord/discord.go:172.16,176.73 4 0
github.com/wonderpus/wonderpus/internal/channel/telegram/telegram.go:27.64,33.2 1 0
github.com/wonderpus/wonderpus/internal/channel/telegram/telegram.go:36.33,38.2 1 0
github.com/wonderpus/wonderpus/internal/channel/telegram/telegram.go:41.52,42.19 1 0
github.com/wonderpus/wonderpus/internal/channel/telegram/telegram.go:42.19,44.3 1 0
github.com/wonderpus/wonderpus/internal/channel/telegram/telegram.go:46.2,47.16 2 0
github.com/wonderpus/wonderpus/internal/channel/telegram/telegram.go:47.16,49.3 1 0
github.com/wonderpus/wonderpus/internal/channel/telegram/telegram.go:51.2,54.12 3 0
github.com/wonderpus/wonderpus/internal/channel/telegram/telegram.go:54.12,55.7 1 0
github.com/wonderpus/wonderpus/internal/channel/telegram/telegram.go:55.7,60.8 4 0
github.com/wonderpus/wonderpus/internal/channel/telegram/telegram.go:60.8,61.12 1 0
github.com/wonderpus/wonderpus/internal/channel/telegram/telegram.go:62.21,63.12 1 0
github.com/wonderpus/wonderpus/internal/channel/telegram/telegram.go:64.23,65.12 1 0
github.com/wonderpus/wonderpus/internal/channel/telegram/telegram.go:66.34,67.13 1 0
github.com/wonderpus/wonderpus/internal/channel/telegram/telegram.go:67.13,69.21 2 0
github.com/wonderpus/wonderpus/internal/channel/telegram/telegram.go:72.6,72.31 1 0
github.com/wonderpus/wonderpus/internal/channel/telegram/telegram.go:72.31,73.15 1 0
github.com/wonderpus/wonderpus/internal/channel/telegram/telegram.go:76.6,80.20 4 0
github.com/wonderpus/wonderpus/internal/channel/telegram/telegram.go:80.20,81.15 1 0
github.com/wonderpus/wonderpus/internal/channel/telegram/telegram.go:85.6,85.38 1 0
github.com/wonderpus/wonderpus/internal/channel/telegram/telegram.go:85.38,87.15 2 0
github.com/wonderpus/wonderpus/internal/channel/telegram/telegram.go:91.6,91.43 1 0
github.com/wonderpus/wonderpus/internal/channel/telegram/telegram.go:91.43,92.20 1 0
github.com/wonderpus/wonderpus/internal/channel/telegram/telegram.go:92.20,93.36 1 0
github.com/wonderpus/wonderpus/internal/channel/telegram/telegram.go:93.36,95.9 1 0
github.com/wonderpus/wonderpus/internal/channel/telegram/telegram.go:99.7,117.21 10 0
github.com/wonderpus/wonderpus/internal/channel/telegram/telegram.go:117.21,122.8 4 0
github.com/wonderpus/wonderpus/internal/channel/telegram/telegram.go:124.7,126.22 3 0
github.com/wonderpus/wonderpus/internal/channel/telegram/telegram.go:131.3,132.11 1 0
github.com/wonderpus/wonderpus/internal/channel/telegram/telegram.go:133.39,133.39 0 0
github.com/wonderpus/wonderpus/internal/channel/telegram/telegram.go:134.22,135.11 1 0
github.com/wonderpus/wonderpus/internal/channel/telegram/telegram.go:136.20,137.11 1 0
github.com/wonderpus/wonderpus/internal/channel/telegram/telegram.go:140.4,141.18 2 0
github.com/wonderpus/wonderpus/internal/channel/telegram/telegram.go:141.18,144.5 2 0
github.com/wonderpus/wonderpus/internal/channel/telegram/telegram.go:144.10,146.5 1 0
github.com/wonderpus/wonderpus/internal/channel/telegram/telegram.go:150.2,150.12 1 0
github.com/wonderpus/wonderpus/internal/channel/telegram/telegram.go:154.32,156.18 2 0
github.com/wonderpus/wonderpus/internal/channel/telegram/telegram.go:156.18,158.3 1 0
github.com/wonderpus/wonderpus/internal/channel/telegram/telegram.go:159.2,159.12 1 0
github.com/wonderpus/wonderpus/internal/channel/telegram/telegram.go:162.59,166.17 3 0
github.com/wonderpus/wonderpus/internal/channel/telegram/telegram.go:167.16,169.18 2 0
github.com/wonderpus/wonderpus/internal/channel/telegram/telegram.go:170.15,184.18 4 0
github.com/wonderpus/wonderpus/internal/channel/telegram/telegram.go:185.16,190.18 5 0
github.com/wonderpus/wonderpus/internal/channel/telegram/telegram.go:191.10,193.18 2 0
github.com/wonderpus/wonderpus/internal/agent/agent.go:47.10,59.2 1 0
github.com/wonderpus/wonderpus/internal/agent/agent.go:62.58,64.2 1 0
github.com/wonderpus/wonderpus/internal/agent/agent.go:67.91,69.2 1 0
github.com/wonderpus/wonderpus/internal/agent/agent.go:72.46,73.15 1 0
github.com/wonderpus/wonderpus/internal/agent/agent.go:73.15,75.3 1 0
github.com/wonderpus/wonderpus/internal/agent/agent.go:79.82,81.55 1 0
github.com/wonderpus/wonderpus/internal/agent/agent.go:81.55,83.3 1 0
github.com/wonderpus/wonderpus/internal/agent/agent.go:86.2,89.22 3 0
github.com/wonderpus/wonderpus/internal/agent/agent.go:89.22,91.3 1 0
github.com/wonderpus/wonderpus/internal/agent/agent.go:94.2,102.39 2 0
github.com/wonderpus/wonderpus/internal/agent/agent.go:102.39,115.3 3 0
github.com/wonderpus/wonderpus/internal/agent/agent.go:118.2,121.47 2 0
github.com/wonderpus/wonderpus/internal/agent/agent.go:121.47,129.50 4 0
github.com/wonderpus/wonderpus/internal/agent/agent.go:129.50,132.35 3 0
github.com/wonderpus/wonderpus/internal/agent/agent.go:132.35,141.5 1 0
github.com/wonderpus/wonderpus/internal/agent/agent.go:145.3,145.48 1 0
github.com/wonderpus/wonderpus/internal/agent/agent.go:145.48,149.32 3 0
github.com/wonderpus/wonderpus/internal/agent/agent.go:149.32,152.5 2 0
github.com/wonderpus/wonderpus/internal/agent/agent.go:156.3,157.17 2 0
github.com/wonderpus/wonderpus/internal/agent/agent.go:157.17,159.4 1 0
github.com/wonderpus/wonderpus/internal/agent/agent.go:162.3,165.31 2 0
github.com/wonderpus/wonderpus/internal/agent/agent.go:165.31,175.4 4 0
github.com/wonderpus/wonderpus/internal/agent/agent.go:178.3,188.39 5 0
github.com/wonderpus/wonderpus/internal/agent/agent.go:188.39,190.44 2 0
github.com/wonderpus/wonderpus/internal/agent/agent.go:190.44,192.18 2 0
github.com/wonderpus/wonderpus/internal/agent/agent.go:192.18,193.34 1 0
github.com/wonderpus/wonderpus/internal/agent/agent.go:193.34,201.7 4 0
github.com/wonderpus/wonderpus/internal/agent/agent.go:204.5,218.24 8 0
github.com/wonderpus/wonderpus/internal/agent/agent.go:218.24,220.6 1 0
github.com/wonderpus/wonderpus/internal/agent/agent.go:222.5,230.26 4 0
github.com/wonderpus/wonderpus/internal/agent/agent.go:230.26,232.6 1 0
github.com/wonderpus/wonderpus/internal/agent/agent.go:235.3,238.31 2 0
github.com/wonderpus/wonderpus/internal/agent/agent.go:238.31,240.4 1 0
github.com/wonderpus/wonderpus/internal/agent/agent.go:243.3,243.33 1 0
github.com/wonderpus/wonderpus/internal/agent/agent.go:243.33,245.4 1 0
github.com/wonderpus/wonderpus/internal/agent/agent.go:248.2,248.99 1 0
github.com/wonderpus/wonderpus/internal/agent/agent.go:253.59,256.23 3 0
github.com/wonderpus/wonderpus/internal/agent/agent.go:256.23,258.3 1 0
github.com/wonderpus/wonderpus/internal/agent/agent.go:260.2,269.16 5 0
github.com/wonderpus/wonderpus/internal/agent/agent.go:269.16,272.3 2 0
github.com/wonderpus/wonderpus/internal/agent/agent.go:274.2,274.37 1 0
github.com/wonderpus/wonderpus/internal/agent/agent.go:277.86,289.23 3 0
github.com/wonderpus/wonderpus/internal/agent/agent.go:289.23,291.3 1 0
github.com/wonderpus/wonderpus/internal/agent/agent.go:293.2,294.16 2 0
github.com/wonderpus/wonderpus/internal/agent/agent.go:294.16,296.3 1 0
github.com/wonderpus/wonderpus/internal/agent/agent.go:298.2,298.23 1 0
github.com/wonderpus/wonderpus/internal/agent/agent.go:298.23,300.3 1 0
github.com/wonderpus/wonderpus/internal/agent/agent.go:303.2,306.16 3 0
github.com/wonderpus/wonderpus/internal/agent/agent.go:306.16,308.3 1 0
github.com/wonderpus/wonderpus/internal/agent/agent.go:311.2,321.22 4 0
github.com/wonderpus/wonderpus/internal/agent/agent.go:325.103,330.22 3 0
github.com/wonderpus/wonderpus/internal/agent/agent.go:330.22,332.3 1 0
github.com/wonderpus/wonderpus/internal/agent/agent.go:334.2,341.39 2 0
github.com/wonderpus/wonderpus/internal/agent/agent.go:341.39,356.3 6 0
github.com/wonderpus/wonderpus/internal/agent/agent.go:359.2,379.49 5 0
github.com/wonderpus/wonderpus/internal/agent/agent.go:379.49,382.34 3 0
github.com/wonderpus/wonderpus/internal/agent/agent.go:382.34,391.4 1 0
github.com/wonderpus/wonderpus/internal/agent/agent.go:394.2,395.16 2 0
github.com/wonderpus/wonderpus/internal/agent/agent.go:395.16,397.3 1 0
github.com/wonderpus/wonderpus/internal/agent/agent.go:399.2,400.12 2 0
github.com/wonderpus/wonderpus/internal/agent/agent.go:400.12,403.31 3 0
github.com/wonderpus/wonderpus/internal/agent/agent.go:403.31,404.26 1 0
github.com/wonderpus/wonderpus/internal/agent/agent.go:404.26,407.5 2 0
github.com/wonderpus/wonderpus/internal/agent/agent.go:408.4,410.18 3 0
github.com/wonderpus/wonderpus/internal/agent/agent.go:410.18,421.5 2 0
github.com/wonderpus/wonderpus/internal/agent/agent.go:425.2,425.19 1 0
github.com/wonderpus/wonderpus/internal/agent/agent.go:428.52,434.2 3 0
github.com/wonderpus/wonderpus/internal/agent/agent.go:437.43,439.2 1 0
github.com/wonderpus/wonderpus/internal/agent/agent.go:442.32,444.2 1 0
github.com/wonderpus/wonderpus/internal/agent/agent.go:447.36,449.2 1 0
github.com/wonderpus/wonderpus/internal/agent/context.go:22.109,25.16 2 0
github.com/wonderpus/wonderpus/internal/agent/context.go:25.16,27.3 1 0
github.com/wonderpus/wonderpus/internal/agent/context.go:29.2,37.37 2 0
github.com/wonderpus/wonderpus/internal/agent/context.go:37.37,39.34 2 0
github.com/wonderpus/wonderpus/internal/agent/context.go:39.34,41.4 1 0
github.com/wonderpus/wonderpus/internal/agent/context.go:44.2,44.11 1 0
github.com/wonderpus/wonderpus/internal/agent/context.go:48.59,54.41 3 0
github.com/wonderpus/wonderpus/internal/agent/context.go:54.41,56.3 1 0
github.com/wonderpus/wonderpus/internal/agent/context.go:57.2,57.14 1 0
github.com/wonderpus/wonderpus/internal/agent/context.go:61.96,68.41 3 0
github.com/wonderpus/wonderpus/internal/agent/context.go:68.41,70.3 1 0
github.com/wonderpus/wonderpus/internal/agent/context.go:71.2,71.14 1 0
github.com/wonderpus/wonderpus/internal/agent/context.go:75.82,82.41 3 0
github.com/wonderpus/wonderpus/internal/agent/context.go:82.41,84.3 1 0
github.com/wonderpus/wonderpus/internal/agent/context.go:85.2,85.14 1 0
github.com/wonderpus/wonderpus/internal/agent/context.go:89.59,92.2 2 0
github.com/wonderpus/wonderpus/internal/agent/context.go:95.52,97.2 1 0
github.com/wonderpus/wonderpus/internal/agent/context.go:100.58,101.25 1 0
github.com/wonderpus/wonderpus/internal/agent/context.go:101.25,103.3 1 0
github.com/wonderpus/wonderpus/internal/agent/context.go:106.2,111.22 3 0
github.com/wonderpus/wonderpus/internal/agent/context.go:115.34,117.2 1 0
github.com/wonderpus/wonderpus/internal/agent/context.go:120.38,122.2 1 0
github.com/wonderpus/wonderpus/internal/agent/context.go:125.37,126.59 1 0
github.com/wonderpus/wonderpus/internal/agent/context.go:126.59,130.3 1 0
github.com/wonderpus/wonderpus/internal/agent/context.go:134.44,136.31 2 0
github.com/wonderpus/wonderpus/internal/agent/context.go:136.31,137.19 1 0
github.com/wonderpus/wonderpus/internal/agent/context.go:137.19,141.4 2 0
github.com/wonderpus/wonderpus/internal/agent/context.go:141.9,144.4 1 0
github.com/wonderpus/wonderpus/internal/agent/context.go:146.2,146.14 1 0
github.com/wonderpus/wonderpus/internal/agent/manager.go:42.12,54.36 2 0
github.com/wonderpus/wonderpus/internal/agent/manager.go:54.36,59.3 1 0
github.com/wonderpus/wonderpus/internal/agent/manager.go:61.2,62.16 2 0
github.com/wonderpus/wonderpus/internal/agent/manager.go:62.16,64.3 1 0
github.com/wonderpus/wonderpus/internal/agent/manager.go:66.2,66.10 1 0
github.com/wonderpus/wonderpus/internal/agent/manager.go:70.53,74.39 3 0
github.com/wonderpus/wonderpus/internal/agent/manager.go:74.39,76.3 1 0
github.com/wonderpus/wonderpus/internal/agent/manager.go:79.2,92.22 2 0
github.com/wonderpus/wonderpus/internal/agent/manager.go:92.22,94.3 1 0
github.com/wonderpus/wonderpus/internal/agent/manager.go:96.2,97.11 2 0
github.com/wonderpus/wonderpus/internal/agent/manager.go:101.96,102.59 1 0
github.com/wonderpus/wonderpus/internal/agent/manager.go:102.59,104.3 1 0
github.com/wonderpus/wonderpus/internal/agent/manager.go:106.2,107.37 2 0
github.com/wonderpus/wonderpus/internal/agent/manager.go:111.107,114.2 2 0
github.com/wonderpus/wonderpus/internal/agent/orchestrator.go:21.132,28.2 1 0
github.com/wonderpus/wonderpus/internal/agent/orchestrator.go:32.87,33.30 1 0
github.com/wonderpus/wonderpus/internal/agent/orchestrator.go:33.30,35.3 1 0
github.com/wonderpus/wonderpus/internal/agent/orchestrator.go:37.2,44.43 4 0
github.com/wonderpus/wonderpus/internal/agent/orchestrator.go:44.43,52.39 5 0
github.com/wonderpus/wonderpus/internal/agent/orchestrator.go:52.39,53.26 1 0
github.com/wonderpus/wonderpus/internal/agent/orchestrator.go:53.26,54.13 1 0
github.com/wonderpus/wonderpus/internal/agent/orchestrator.go:58.4,59.44 2 0
github.com/wonderpus/wonderpus/internal/agent/orchestrator.go:59.44,60.26 1 0
github.com/wonderpus/wonderpus/internal/agent/orchestrator.go:60.26,62.11 2 0
github.com/wonderpus/wonderpus/internal/agent/orchestrator.go:66.4,66.13 1 0
github.com/wonderpus/wonderpus/internal/agent/orchestrator.go:66.13,72.30 4 0
github.com/wonderpus/wonderpus/internal/agent/orchestrator.go:72.30,78.49 4 0
github.com/wonderpus/wonderpus/internal/agent/orchestrator.go:78.49,79.40 1 0
github.com/wonderpus/wonderpus/internal/agent/orchestrator.go:79.40,81.8 1 0
github.com/wonderpus/wonderpus/internal/agent/orchestrator.go:83.6,90.20 4 0
github.com/wonderpus/wonderpus/internal/agent/orchestrator.go:90.20,95.7 4 0
github.com/wonderpus/wonderpus/internal/agent/orchestrator.go:97.6,100.17 4 0
github.com/wonderpus/wonderpus/internal/agent/orchestrator.go:107.3,109.24 2 0
github.com/wonderpus/wonderpus/internal/agent/orchestrator.go:109.24,111.4 1 0
github.com/wonderpus/wonderpus/internal/agent/orchestrator.go:113.3,113.63 1 0
github.com/wonderpus/wonderpus/internal/agent/orchestrator.go:113.63,116.4 1 0
github.com/wonderpus/wonderpus/internal/agent/orchestrator.go:122.2,122.47 1 0
github.com/wonderpus/wonderpus/internal/agent/orchestrator.go:125.120,129.31 3 0
github.com/wonderpus/wonderpus/internal/agent/orchestrator.go:129.31,131.3 1 0
github.com/wonderpus/wonderpus/internal/agent/orchestrator.go:133.2,146.16 5 0
github.com/wonderpus/wonderpus/internal/agent/orchestrator.go:146.16,148.3 1 0
github.com/wonderpus/wonderpus/internal/agent/orchestrator.go:150.2,150.26 1 0
github.com/wonderpus/wonderpus/internal/agent/planner.go:32.69,37.2 1 0
github.com/wonderpus/wonderpus/internal/agent/planner.go:40.87,89.16 6 0
github.com/wonderpus/wonderpus/internal/agent/planner.go:89.16,91.3 1 0
github.com/wonderpus/wonderpus/internal/agent/planner.go:93.2,93.30 1 0
github.com/wonderpus/wonderpus/internal/agent/planner.go:93.30,95.3 1 0
github.com/wonderpus/wonderpus/internal/agent/planner.go:97.2,102.36 2 0
github.com/wonderpus/wonderpus/internal/agent/planner.go:102.36,103.40 1 0
github.com/wonderpus/wonderpus/internal/agent/planner.go:103.40,104.82 1 0
github.com/wonderpus/wonderpus/internal/agent/planner.go:104.82,106.5 1 0
github.com/wonderpus/wonderpus/internal/agent/planner.go:107.4,110.10 1 0
github.com/wonderpus/wonderpus/internal/agent/planner.go:114.2,114.83 1 0
github.com/wonderpus/wonderpus/internal/agent/worker.go:30.138,34.27 2 0
github.com/wonderpus/wonderpus/internal/agent/worker.go:34.27,36.30 2 0
github.com/wonderpus/wonderpus/internal/agent/worker.go:36.30,37.45 1 0
github.com/wonderpus/wonderpus/internal/agent/worker.go:37.45,39.5 1 0
github.com/wonderpus/wonderpus/internal/agent/worker.go:43.2,49.3 1 0
github.com/wonderpus/wonderpus/internal/agent/worker.go:53.56,54.18 1 0
github.com/wonderpus/wonderpus/internal/agent/worker.go:55.18,57.46 1 0
github.com/wonderpus/wonderpus/internal/agent/worker.go:58.23,60.34 1 0
github.com/wonderpus/wonderpus/internal/agent/worker.go:61.23,63.87 1 0
github.com/wonderpus/wonderpus/internal/agent/worker.go:64.10,66.15 1 0
github.com/wonderpus/wonderpus/internal/agent/worker.go:71.110,86.37 4 0
github.com/wonderpus/wonderpus/internal/agent/worker.go:86.37,93.50 3 0
github.com/wonderpus/wonderpus/internal/agent/worker.go:93.50,96.35 3 0
github.com/wonderpus/wonderpus/internal/agent/worker.go:96.35,105.5 1 0
github.com/wonderpus/wonderpus/internal/agent/worker.go:108.3,109.17 2 0
github.com/wonderpus/wonderpus/internal/agent/worker.go:109.17,111.4 1 0
github.com/wonderpus/wonderpus/internal/agent/worker.go:113.3,113.31 1 0
github.com/wonderpus/wonderpus/internal/agent/worker.go:113.31,115.4 1 0
github.com/wonderpus/wonderpus/internal/agent/worker.go:118.3,124.37 2 0
github.com/wonderpus/wonderpus/internal/agent/worker.go:124.37,136.54 5 0
github.com/wonderpus/wonderpus/internal/agent/worker.go:136.54,138.5 1 0
github.com/wonderpus/wonderpus/internal/agent/worker.go:138.10,141.24 3 0
github.com/wonderpus/wonderpus/internal/agent/worker.go:141.24,143.6 1 0
github.com/wonderpus/wonderpus/internal/agent/worker.go:147.4,151.6 1 0
github.com/wonderpus/wonderpus/internal/agent/worker.go:155.2,155.77 1 0
github.com/wonderpus/wonderpus/cmd/wonderpus/main.go:34.13,40.18 5 0
github.com/wonderpus/wonderpus/cmd/wonderpus/main.go:40.18,43.3 2 0
github.com/wonderpus/wonderpus/cmd/wonderpus/main.go:46.2,47.16 2 0
github.com/wonderpus/wonderpus/cmd/wonderpus/main.go:47.16,51.3 3 0
github.com/wonderpus/wonderpus/cmd/wonderpus/main.go:54.2,55.14 2 0
github.com/wonderpus/wonderpus/cmd/wonderpus/main.go:55.14,57.3 1 0
github.com/wonderpus/wonderpus/cmd/wonderpus/main.go:58.2,62.74 3 0
github.com/wonderpus/wonderpus/cmd/wonderpus/main.go:62.74,65.17 3 0
github.com/wonderpus/wonderpus/cmd/wonderpus/main.go:65.17,68.4 2 0
github.com/wonderpus/wonderpus/cmd/wonderpus/main.go:71.2,81.16 4 0
github.com/wonderpus/wonderpus/cmd/wonderpus/main.go:81.16,84.3 2 0
github.com/wonderpus/wonderpus/cmd/wonderpus/main.go:85.2,88.44 2 0
github.com/wonderpus/wonderpus/cmd/wonderpus/main.go:88.44,90.3 1 0
github.com/wonderpus/wonderpus/cmd/wonderpus/main.go:93.2,94.16 2 0
github.com/wonderpus/wonderpus/cmd/wonderpus/main.go:94.16,98.3 3 0
github.com/wonderpus/wonderpus/cmd/wonderpus/main.go:101.2,104.23 3 0
github.com/wonderpus/wonderpus/cmd/wonderpus/main.go:104.23,114.74 8 0
github.com/wonderpus/wonderpus/cmd/wonderpus/main.go:114.74,120.4 2 0
github.com/wonderpus/wonderpus/cmd/wonderpus/main.go:122.3,122.68 1 0
github.com/wonderpus/wonderpus/cmd/wonderpus/main.go:126.2,127.16 2 0
github.com/wonderpus/wonderpus/cmd/wonderpus/main.go:127.16,130.3 2 0
github.com/wonderpus/wonderpus/cmd/wonderpus/main.go:131.2,154.36 8 0
github.com/wonderpus/wonderpus/cmd/wonderpus/main.go:154.36,156.3 1 0
github.com/wonderpus/wonderpus/cmd/wonderpus/main.go:157.2,157.35 1 0
github.com/wonderpus/wonderpus/cmd/wonderpus/main.go:157.35,159.3 1 0
github.com/wonderpus/wonderpus/cmd/wonderpus/main.go:160.2,160.34 1 0
github.com/wonderpus/wonderpus/cmd/wonderpus/main.go:160.34,162.3 1 0
github.com/wonderpus/wonderpus/cmd/wonderpus/main.go:165.2,171.30 4 0
github.com/wonderpus/wonderpus/cmd/wonderpus/main.go:171.30,172.39 1 0
github.com/wonderpus/wonderpus/cmd/wonderpus/main.go:172.39,174.4 1 0
github.com/wonderpus/wonderpus/cmd/wonderpus/main.go:177.2,180.12 3 0
github.com/wonderpus/wonderpus/cmd/wonderpus/main.go:180.12,189.31 7 0
github.com/wonderpus/wonderpus/cmd/wonderpus/main.go:189.31,191.4 1 0
github.com/wonderpus/wonderpus/cmd/wonderpus/main.go:192.3,193.33 2 0
github.com/wonderpus/wonderpus/cmd/wonderpus/main.go:196.2,199.46 2 0
github.com/wonderpus/wonderpus/cmd/wonderpus/main.go:199.46,202.3 2 0
github.com/wonderpus/wonderpus/internal/channel/websocket/server.go:18.42,20.3 1 0
github.com/wonderpus/wonderpus/internal/channel/websocket/server.go:33.58,39.2 1 0
github.com/wonderpus/wonderpus/internal/channel/websocket/server.go:42.32,44.2 1 0
github.com/wonderpus/wonderpus/internal/channel/websocket/server.go:47.51,58.12 5 0
github.com/wonderpus/wonderpus/internal/channel/websocket/server.go:58.12,59.82 1 0
github.com/wonderpus/wonderpus/internal/channel/websocket/server.go:59.82,61.4 1 0
github.com/wonderpus/wonderpus/internal/channel/websocket/server.go:64.2,64.12 1 0
github.com/wonderpus/wonderpus/internal/channel/websocket/server.go:68.31,69.21 1 0
github.com/wonderpus/wonderpus/internal/channel/websocket/server.go:69.21,74.29 4 0
github.com/wonderpus/wonderpus/internal/channel/websocket/server.go:74.29,76.4 1 0
github.com/wonderpus/wonderpus/internal/channel/websocket/server.go:77.3,79.32 2 0
github.com/wonderpus/wonderpus/internal/channel/websocket/server.go:81.2,81.12 1 0
github.com/wonderpus/wonderpus/internal/channel/websocket/server.go:84.75,86.16 2 0
github.com/wonderpus/wonderpus/internal/channel/websocket/server.go:86.16,89.3 2 0
github.com/wonderpus/wonderpus/internal/channel/websocket/server.go:90.2,96.15 5 0
github.com/wonderpus/wonderpus/internal/channel/websocket/server.go:96.15,100.3 3 0
github.com/wonderpus/wonderpus/internal/channel/websocket/server.go:102.2,106.41 3 0
github.com/wonderpus/wonderpus/internal/channel/websocket/server.go:106.41,109.3 2 0
github.com/wonderpus/wonderpus/internal/channel/websocket/server.go:112.2,115.12 3 0
github.com/wonderpus/wonderpus/internal/channel/websocket/server.go:115.12,116.7 1 0
github.com/wonderpus/wonderpus/internal/channel/websocket/server.go:116.7,117.11 1 0
github.com/wonderpus/wonderpus/internal/channel/websocket/server.go:118.20,119.73 1 0
github.com/wonderpus/wonderpus/internal/channel/websocket/server.go:119.73,121.6 1 0
github.com/wonderpus/wonderpus/internal/channel/websocket/server.go:126.2,126.6 1 0
github.com/wonderpus/wonderpus/internal/channel/websocket/server.go:126.6,128.17 2 0
github.com/wonderpus/wonderpus/internal/channel/websocket/server.go:128.17,129.103 1 0
github.com/wonderpus/wonderpus/internal/channel/websocket/server.go:129.103,131.5 1 0
github.com/wonderpus/wonderpus/internal/channel/websocket/server.go:132.4,132.9 1 0
github.com/wonderpus/wonderpus/internal/channel/websocket/server.go:135.3,135.45 1 0
github.com/wonderpus/wonderpus/internal/channel/websocket/server.go:135.45,137.12 2 0
github.com/wonderpus/wonderpus/internal/channel/websocket/server.go:140.3,141.55 2 0
github.com/wonderpus/wonderpus/internal/channel/websocket/server.go:141.55,143.12 2 0
github.com/wonderpus/wonderpus/internal/channel/websocket/server.go:147.3,147.26 1 0
github.com/wonderpus/wonderpus/internal/channel/websocket/server.go:147.26,149.4 1 0
github.com/wonderpus/wonderpus/internal/channel/websocket/server.go:151.3,151.13 1 0
github.com/wonderpus/wonderpus/internal/channel/websocket/server.go:151.13,156.18 4 0
github.com/wonderpus/wonderpus/internal/channel/websocket/server.go:156.18,159.5 2 0
github.com/wonderpus/wonderpus/internal/channel/websocket/server.go:161.4,161.34 1 0
github.com/wonderpus/wonderpus/internal/channel/websocket/server.go:166.69,171.68 3 0
github.com/wonderpus/wonderpus/internal/channel/websocket/server.go:171.68,173.3 1 0
github.com/wonderpus/wonderpus/internal/channel/websocket/server.go:176.61,180.2 3 0
github.com/wonderpus/wonderpus/internal/config/config.go:130.41,135.16 4 1
github.com/wonderpus/wonderpus/internal/config/config.go:135.16,136.25 1 1
github.com/wonderpus/wonderpus/internal/config/config.go:136.25,139.17 2 1
github.com/wonderpus/wonderpus/internal/config/config.go:139.17,141.57 2 0
github.com/wonderpus/wonderpus/internal/config/config.go:141.57,144.6 2 0
github.com/wonderpus/wonderpus/internal/config/config.go:147.4,147.19 1 1
github.com/wonderpus/wonderpus/internal/config/config.go:147.19,150.43 2 1
github.com/wonderpus/wonderpus/internal/config/config.go:150.43,152.6 1 0
github.com/wonderpus/wonderpus/internal/config/config.go:153.5,153.20 1 1
github.com/wonderpus/wonderpus/internal/config/config.go:155.9,157.4 1 0
github.com/wonderpus/wonderpus/internal/config/config.go:159.2,159.50 1 0
github.com/wonderpus/wonderpus/internal/config/config.go:159.50,161.3 1 0
github.com/wonderpus/wonderpus/internal/config/config.go:163.2,165.45 2 0
github.com/wonderpus/wonderpus/internal/config/config.go:165.45,167.3 1 0
github.com/wonderpus/wonderpus/internal/config/config.go:169.2,169.38 1 0
github.com/wonderpus/wonderpus/internal/config/config.go:169.38,171.3 1 0
github.com/wonderpus/wonderpus/internal/config/config.go:173.2,173.17 1 0
github.com/wonderpus/wonderpus/internal/config/config.go:176.41,177.71 1 0
github.com/wonderpus/wonderpus/internal/config/config.go:177.71,179.3 1 0
github.com/wonderpus/wonderpus/internal/config/config.go:181.2,182.16 2 0
github.com/wonderpus/wonderpus/internal/config/config.go:182.16,184.3 1 0
github.com/wonderpus/wonderpus/internal/config/config.go:186.2,186.44 1 0
github.com/wonderpus/wonderpus/internal/config/config.go:186.44,187.53 1 0
github.com/wonderpus/wonderpus/internal/config/config.go:187.53,189.4 1 0
github.com/wonderpus/wonderpus/internal/config/config.go:190.3,192.17 3 0
github.com/wonderpus/wonderpus/internal/config/config.go:192.17,196.4 1 0
github.com/wonderpus/wonderpus/internal/config/config.go:197.3,197.15 1 0
github.com/wonderpus/wonderpus/internal/config/config.go:200.2,206.12 6 0
github.com/wonderpus/wonderpus/internal/config/config.go:209.33,249.2 34 1
github.com/wonderpus/wonderpus/internal/config/config.go:252.28,253.57 1 1
github.com/wonderpus/wonderpus/internal/config/config.go:253.57,255.3 1 1
github.com/wonderpus/wonderpus/internal/config/config.go:256.2,256.60 1 1
github.com/wonderpus/wonderpus/internal/config/config.go:256.60,258.3 1 0
github.com/wonderpus/wonderpus/internal/config/config.go:259.2,259.57 1 1
github.com/wonderpus/wonderpus/internal/config/config.go:259.57,261.3 1 0
github.com/wonderpus/wonderpus/internal/config/config.go:262.2,262.54 1 1
github.com/wonderpus/wonderpus/internal/config/config.go:262.54,264.3 1 0
github.com/wonderpus/wonderpus/internal/config/config.go:265.2,265.59 1 1
github.com/wonderpus/wonderpus/internal/config/config.go:265.59,267.3 1 0
github.com/wonderpus/wonderpus/internal/config/config.go:268.2,268.52 1 1
github.com/wonderpus/wonderpus/internal/config/config.go:268.52,270.3 1 0
github.com/wonderpus/wonderpus/internal/config/config.go:271.2,271.57 1 1
github.com/wonderpus/wonderpus/internal/config/config.go:271.57,274.3 2 0
github.com/wonderpus/wonderpus/internal/config/config.go:277.34,284.18 2 1
github.com/wonderpus/wonderpus/internal/config/config.go:284.18,286.3 1 1
github.com/wonderpus/wonderpus/internal/config/config.go:288.2,289.54 2 1
github.com/wonderpus/wonderpus/internal/config/config.go:289.54,291.3 1 0
github.com/wonderpus/wonderpus/internal/config/config.go:293.2,293.64 1 1
github.com/wonderpus/wonderpus/internal/config/config.go:293.64,295.3 1 0
github.com/wonderpus/wonderpus/internal/config/config.go:297.2,297.12 1 1
github.com/wonderpus/wonderpus/internal/config/config.go:301.48,303.37 2 0
github.com/wonderpus/wonderpus/internal/config/config.go:303.37,305.3 1 0
github.com/wonderpus/wonderpus/internal/config/config.go:306.2,306.40 1 0
github.com/wonderpus/wonderpus/internal/config/config.go:306.40,308.3 1 0
github.com/wonderpus/wonderpus/internal/config/config.go:309.2,309.35 1 0
github.com/wonderpus/wonderpus/internal/config/config.go:309.35,311.3 1 0
github.com/wonderpus/wonderpus/internal/config/config.go:312.2,312.37 1 0
github.com/wonderpus/wonderpus/internal/config/config.go:312.37,314.3 1 0
github.com/wonderpus/wonderpus/internal/config/config.go:315.2,315.12 1 0
github.com/wonderpus/wonderpus/internal/cost/tracker.go:29.66,31.16 2 0
github.com/wonderpus/wonderpus/internal/cost/tracker.go:31.16,33.3 1 0
github.com/wonderpus/wonderpus/internal/cost/tracker.go:36.2,51.16 4 0
github.com/wonderpus/wonderpus/internal/cost/tracker.go:51.16,54.3 2 0
github.com/wonderpus/wonderpus/internal/cost/tracker.go:56.2,65.8 1 0
github.com/wonderpus/wonderpus/internal/cost/tracker.go:69.75,71.9 2 0
github.com/wonderpus/wonderpus/internal/cost/tracker.go:71.9,74.3 1 0
github.com/wonderpus/wonderpus/internal/cost/tracker.go:76.2,97.12 9 0
github.com/wonderpus/wonderpus/internal/cost/tracker.go:101.55,105.2 3 0
github.com/wonderpus/wonderpus/internal/cost/tracker.go:108.60,112.2 3 0
github.com/wonderpus/wonderpus/internal/cost/tracker.go:115.33,117.2 1 0
github.com/wonderpus/wonderpus/internal/errors/errors.go:30.41,31.18 1 0
github.com/wonderpus/wonderpus/internal/errors/errors.go:31.18,33.3 1 0
github.com/wonderpus/wonderpus/internal/errors/errors.go:34.2,34.50 1 0
github.com/wonderpus/wonderpus/internal/errors/errors.go:37.41,39.2 1 0
github.com/wonderpus/wonderpus/internal/errors/errors.go:42.41,47.2 1 0
github.com/wonderpus/wonderpus/internal/errors/errors.go:50.53,56.2 1 0
github.com/wonderpus/wonderpus/internal/errors/errors.go:59.37,60.41 1 0
github.com/wonderpus/wonderpus/internal/errors/errors.go:60.41,63.3 2 0
github.com/wonderpus/wonderpus/internal/errors/errors.go:64.2,69.3 1 0
github.com/wonderpus/wonderpus/internal/errors/errors.go:73.34,74.41 1 0
github.com/wonderpus/wonderpus/internal/errors/errors.go:74.41,76.3 1 0
github.com/wonderpus/wonderpus/internal/errors/errors.go:77.2,77.14 1 0
github.com/wonderpus/wonderpus/internal/errors/errors.go:81.42,82.41 1 0
github.com/wonderpus/wonderpus/internal/errors/errors.go:82.41,84.3 1 0
github.com/wonderpus/wonderpus/internal/errors/errors.go:85.2,85.14 1 0
github.com/wonderpus/wonderpus/internal/provider/anthropic.go:24.67,31.2 1 0
github.com/wonderpus/wonderpus/internal/provider/anthropic.go:33.38,34.20 1 0
github.com/wonderpus/wonderpus/internal/provider/anthropic.go:34.20,36.3 1 0
github.com/wonderpus/wonderpus/internal/provider/anthropic.go:37.2,37.45 1 0
github.com/wonderpus/wonderpus/internal/provider/anthropic.go:37.45,39.3 1 0
github.com/wonderpus/wonderpus/internal/provider/anthropic.go:40.2,40.12 1 0
github.com/wonderpus/wonderpus/internal/provider/anthropic.go:43.35,43.57 1 0
github.com/wonderpus/wonderpus/internal/provider/anthropic.go:45.104,47.17 2 0
github.com/wonderpus/wonderpus/internal/provider/anthropic.go:47.17,49.3 1 0
github.com/wonderpus/wonderpus/internal/provider/anthropic.go:50.2,51.17 2 0
github.com/wonderpus/wonderpus/internal/provider/anthropic.go:51.17,53.3 1 0
github.com/wonderpus/wonderpus/internal/provider/anthropic.go:55.2,62.21 3 0
github.com/wonderpus/wonderpus/internal/provider/anthropic.go:62.21,64.3 1 0
github.com/wonderpus/wonderpus/internal/provider/anthropic.go:65.2,65.24 1 0
github.com/wonderpus/wonderpus/internal/provider/anthropic.go:65.24,67.3 1 0
github.com/wonderpus/wonderpus/internal/provider/anthropic.go:69.2,70.16 2 0
github.com/wonderpus/wonderpus/internal/provider/anthropic.go:70.16,72.3 1 0
github.com/wonderpus/wonderpus/internal/provider/anthropic.go:74.2,75.16 2 0
github.com/wonderpus/wonderpus/internal/provider/anthropic.go:75.16,77.3 1 0
github.com/wonderpus/wonderpus/internal/provider/anthropic.go:78.2,98.67 4 0
github.com/wonderpus/wonderpus/internal/provider/anthropic.go:98.67,100.3 1 0
github.com/wonderpus/wonderpus/internal/provider/anthropic.go:102.2,104.35 3 0
github.com/wonderpus/wonderpus/internal/provider/anthropic.go:104.35,105.23 1 0
github.com/wonderpus/wonderpus/internal/provider/anthropic.go:105.23,107.4 1 0
github.com/wonderpus/wonderpus/internal/provider/anthropic.go:107.9,107.34 1 0
github.com/wonderpus/wonderpus/internal/provider/anthropic.go:107.34,117.4 2 0
github.com/wonderpus/wonderpus/internal/provider/anthropic.go:120.2,127.8 1 0
github.com/wonderpus/wonderpus/internal/provider/anthropic.go:130.101,132.17 2 0
github.com/wonderpus/wonderpus/internal/provider/anthropic.go:132.17,134.3 1 0
github.com/wonderpus/wonderpus/internal/provider/anthropic.go:135.2,136.17 2 0
github.com/wonderpus/wonderpus/internal/provider/anthropic.go:136.17,138.3 1 0
github.com/wonderpus/wonderpus/internal/provider/anthropic.go:140.2,148.21 3 0
github.com/wonderpus/wonderpus/internal/provider/anthropic.go:148.21,150.3 1 0
github.com/wonderpus/wonderpus/internal/provider/anthropic.go:151.2,151.24 1 0
github.com/wonderpus/wonderpus/internal/provider/anthropic.go:151.24,153.3 1 0
github.com/wonderpus/wonderpus/internal/provider/anthropic.go:155.2,156.16 2 0
github.com/wonderpus/wonderpus/internal/provider/anthropic.go:156.16,158.3 1 0
github.com/wonderpus/wonderpus/internal/provider/anthropic.go:160.2,161.16 2 0
github.com/wonderpus/wonderpus/internal/provider/anthropic.go:161.16,163.3 1 0
github.com/wonderpus/wonderpus/internal/provider/anthropic.go:164.2,170.12 4 0
github.com/wonderpus/wonderpus/internal/provider/anthropic.go:170.12,175.22 4 0
github.com/wonderpus/wonderpus/internal/provider/anthropic.go:175.22,177.42 2 0
github.com/wonderpus/wonderpus/internal/provider/anthropic.go:177.42,178.13 1 0
github.com/wonderpus/wonderpus/internal/provider/anthropic.go:180.4,188.63 3 0
github.com/wonderpus/wonderpus/internal/provider/anthropic.go:188.63,189.13 1 0
github.com/wonderpus/wonderpus/internal/provider/anthropic.go:192.4,192.22 1 0
github.com/wonderpus/wonderpus/internal/provider/anthropic.go:193.31,194.31 1 0
github.com/wonderpus/wonderpus/internal/provider/anthropic.go:194.31,196.6 1 0
github.com/wonderpus/wonderpus/internal/provider/anthropic.go:197.24,199.11 2 0
github.com/wonderpus/wonderpus/internal/provider/anthropic.go:202.3,202.39 1 0
github.com/wonderpus/wonderpus/internal/provider/anthropic.go:202.39,204.4 1 0
github.com/wonderpus/wonderpus/internal/provider/anthropic.go:207.2,207.16 1 0
github.com/wonderpus/wonderpus/internal/provider/anthropic.go:210.100,211.37 1 0
github.com/wonderpus/wonderpus/internal/provider/anthropic.go:211.37,213.3 1 0
github.com/wonderpus/wonderpus/internal/provider/anthropic.go:215.2,216.16 2 0
github.com/wonderpus/wonderpus/internal/provider/anthropic.go:216.16,218.3 1 0
github.com/wonderpus/wonderpus/internal/provider/anthropic.go:220.2,221.16 2 0
github.com/wonderpus/wonderpus/internal/provider/anthropic.go:221.16,223.3 1 0
github.com/wonderpus/wonderpus/internal/provider/anthropic.go:225.2,229.21 4 0
github.com/wonderpus/wonderpus/internal/provider/anthropic.go:233.56,236.25 3 0
github.com/wonderpus/wonderpus/internal/provider/anthropic.go:236.25,237.27 1 0
github.com/wonderpus/wonderpus/internal/provider/anthropic.go:237.27,239.4 1 0
github.com/wonderpus/wonderpus/internal/provider/anthropic.go:239.9,241.4 1 0
github.com/wonderpus/wonderpus/internal/provider/anthropic.go:243.2,243.21 1 0
github.com/wonderpus/wonderpus/internal/provider/anthropic.go:246.59,248.25 2 1
github.com/wonderpus/wonderpus/internal/provider/anthropic.go:248.25,249.47 1 1
github.com/wonderpus/wonderpus/internal/provider/anthropic.go:249.47,261.12 2 0
github.com/wonderpus/wonderpus/internal/provider/anthropic.go:264.3,264.27 1 1
github.com/wonderpus/wonderpus/internal/provider/anthropic.go:264.27,267.23 2 0
github.com/wonderpus/wonderpus/internal/provider/anthropic.go:267.23,272.5 1 0
github.com/wonderpus/wonderpus/internal/provider/anthropic.go:273.4,273.35 1 0
github.com/wonderpus/wonderpus/internal/provider/anthropic.go:273.35,282.5 3 0
github.com/wonderpus/wonderpus/internal/provider/anthropic.go:283.4,287.12 2 0
github.com/wonderpus/wonderpus/internal/provider/anthropic.go:290.3,291.30 2 1
github.com/wonderpus/wonderpus/internal/provider/anthropic.go:291.30,293.37 2 1
github.com/wonderpus/wonderpus/internal/provider/anthropic.go:293.37,294.25 1 1
github.com/wonderpus/wonderpus/internal/provider/anthropic.go:294.25,299.6 1 1
github.com/wonderpus/wonderpus/internal/provider/anthropic.go:299.11,299.58 1 1
github.com/wonderpus/wonderpus/internal/provider/anthropic.go:299.58,302.52 1 1
github.com/wonderpus/wonderpus/internal/provider/anthropic.go:302.52,304.7 1 1
github.com/wonderpus/wonderpus/internal/provider/anthropic.go:307.4,307.19 1 1
github.com/wonderpus/wonderpus/internal/provider/anthropic.go:308.9,310.4 1 0
github.com/wonderpus/wonderpus/internal/provider/anthropic.go:312.3,312.72 1 1
github.com/wonderpus/wonderpus/internal/provider/anthropic.go:314.2,314.12 1 1
github.com/wonderpus/wonderpus/internal/provider/anthropic.go:317.57,320.20 2 1
github.com/wonderpus/wonderpus/internal/provider/anthropic.go:320.20,322.3 1 0
github.com/wonderpus/wonderpus/internal/provider/anthropic.go:323.2,327.43 4 1
github.com/wonderpus/wonderpus/internal/provider/anthropic.go:327.43,329.3 1 1
github.com/wonderpus/wonderpus/internal/provider/anthropic.go:329.8,329.50 1 0
github.com/wonderpus/wonderpus/internal/provider/anthropic.go:329.50,331.3 1 0
github.com/wonderpus/wonderpus/internal/provider/anthropic.go:331.8,331.51 1 0
github.com/wonderpus/wonderpus/internal/provider/anthropic.go:331.51,333.3 1 0
github.com/wonderpus/wonderpus/internal/provider/anthropic.go:335.2,342.3 1 1
github.com/wonderpus/wonderpus/internal/provider/anthropic.go:345.60,347.26 2 0
github.com/wonderpus/wonderpus/internal/provider/anthropic.go:347.26,355.3 3 0
github.com/wonderpus/wonderpus/internal/provider/anthropic.go:356.2,356.12 1 0
github.com/wonderpus/wonderpus/internal/provider/cache.go:25.57,30.2 1 0
github.com/wonderpus/wonderpus/internal/provider/cache.go:33.81,39.9 5 0
github.com/wonderpus/wonderpus/internal/provider/cache.go:39.9,41.3 1 0
github.com/wonderpus/wonderpus/internal/provider/cache.go:43.2,43.39 1 0
github.com/wonderpus/wonderpus/internal/provider/cache.go:43.39,45.3 1 0
github.com/wonderpus/wonderpus/internal/provider/cache.go:47.2,47.29 1 0
github.com/wonderpus/wonderpus/internal/provider/cache.go:51.79,60.2 4 0
github.com/wonderpus/wonderpus/internal/provider/cache.go:62.68,66.2 3 0
github.com/wonderpus/wonderpus/internal/provider/client.go:52.118,57.21 3 0
github.com/wonderpus/wonderpus/internal/provider/client.go:57.21,60.17 3 0
github.com/wonderpus/wonderpus/internal/provider/client.go:60.17,62.4 1 0
github.com/wonderpus/wonderpus/internal/provider/client.go:63.3,63.23 1 0
github.com/wonderpus/wonderpus/internal/provider/client.go:66.2,66.40 1 0
github.com/wonderpus/wonderpus/internal/provider/client.go:66.40,68.23 1 0
github.com/wonderpus/wonderpus/internal/provider/client.go:68.23,70.4 1 0
github.com/wonderpus/wonderpus/internal/provider/client.go:72.3,73.17 2 0
github.com/wonderpus/wonderpus/internal/provider/client.go:73.17,75.25 2 0
github.com/wonderpus/wonderpus/internal/provider/client.go:75.25,77.5 1 0
github.com/wonderpus/wonderpus/internal/provider/client.go:78.9,80.40 1 0
github.com/wonderpus/wonderpus/internal/provider/client.go:80.40,82.5 1 0
github.com/wonderpus/wonderpus/internal/provider/client.go:85.4,89.43 4 0
github.com/wonderpus/wonderpus/internal/provider/client.go:89.43,91.5 1 0
github.com/wonderpus/wonderpus/internal/provider/client.go:94.3,94.26 1 0
github.com/wonderpus/wonderpus/internal/provider/client.go:94.26,96.29 2 0
github.com/wonderpus/wonderpus/internal/provider/client.go:96.29,98.5 1 0
github.com/wonderpus/wonderpus/internal/provider/client.go:100.4,100.11 1 0
github.com/wonderpus/wonderpus/internal/provider/client.go:101.29,101.29 0 0
github.com/wonderpus/wonderpus/internal/provider/client.go:102.22,103.26 1 0
github.com/wonderpus/wonderpus/internal/provider/client.go:108.2,108.113 1 0
github.com/wonderpus/wonderpus/internal/provider/client.go:111.34,112.29 1 0
github.com/wonderpus/wonderpus/internal/provider/client.go:112.29,114.3 1 0
github.com/wonderpus/wonderpus/internal/provider/client.go:115.2,115.39 1 0
github.com/wonderpus/wonderpus/internal/provider/client.go:115.39,117.3 1 0
github.com/wonderpus/wonderpus/internal/provider/client.go:119.2,120.90 2 0
github.com/wonderpus/wonderpus/internal/provider/client.go:123.39,125.2 1 0
github.com/wonderpus/wonderpus/internal/provider/client.go:131.60,136.2 1 0
github.com/wonderpus/wonderpus/internal/provider/gemini.go:24.61,31.2 1 0
github.com/wonderpus/wonderpus/internal/provider/gemini.go:33.35,34.20 1 0
github.com/wonderpus/wonderpus/internal/provider/gemini.go:34.20,36.3 1 0
github.com/wonderpus/wonderpus/internal/provider/gemini.go:37.2,37.12 1 0
github.com/wonderpus/wonderpus/internal/provider/gemini.go:40.32,40.51 1 0
github.com/wonderpus/wonderpus/internal/provider/gemini.go:42.101,44.17 2 0
github.com/wonderpus/wonderpus/internal/provider/gemini.go:44.17,46.3 1 0
github.com/wonderpus/wonderpus/internal/provider/gemini.go:48.2,53.37 2 0
github.com/wonderpus/wonderpus/internal/provider/gemini.go:53.37,55.3 1 0
github.com/wonderpus/wonderpus/internal/provider/gemini.go:57.2,60.16 3 0
github.com/wonderpus/wonderpus/internal/provider/gemini.go:60.16,62.3 1 0
github.com/wonderpus/wonderpus/internal/provider/gemini.go:64.2,65.16 2 0
github.com/wonderpus/wonderpus/internal/provider/gemini.go:65.16,67.3 1 0
github.com/wonderpus/wonderpus/internal/provider/gemini.go:68.2,71.16 3 0
github.com/wonderpus/wonderpus/internal/provider/gemini.go:71.16,73.3 1 0
github.com/wonderpus/wonderpus/internal/provider/gemini.go:74.2,98.67 4 0
github.com/wonderpus/wonderpus/internal/provider/gemini.go:98.67,100.3 1 0
github.com/wonderpus/wonderpus/internal/provider/gemini.go:102.2,102.33 1 0
github.com/wonderpus/wonderpus/internal/provider/gemini.go:102.33,104.3 1 0
github.com/wonderpus/wonderpus/internal/provider/gemini.go:106.2,108.55 3 0
github.com/wonderpus/wonderpus/internal/provider/gemini.go:108.55,109.19 1 0
github.com/wonderpus/wonderpus/internal/provider/gemini.go:109.19,111.4 1 0
github.com/wonderpus/wonderpus/internal/provider/gemini.go:112.3,112.28 1 0
github.com/wonderpus/wonderpus/internal/provider/gemini.go:112.28,122.4 2 0
github.com/wonderpus/wonderpus/internal/provider/gemini.go:125.2,132.8 1 0
github.com/wonderpus/wonderpus/internal/provider/gemini.go:135.98,137.17 2 0
github.com/wonderpus/wonderpus/internal/provider/gemini.go:137.17,139.3 1 0
github.com/wonderpus/wonderpus/internal/provider/gemini.go:141.2,146.37 2 0
github.com/wonderpus/wonderpus/internal/provider/gemini.go:146.37,148.3 1 0
github.com/wonderpus/wonderpus/internal/provider/gemini.go:150.2,153.16 3 0
github.com/wonderpus/wonderpus/internal/provider/gemini.go:153.16,155.3 1 0
github.com/wonderpus/wonderpus/internal/provider/gemini.go:157.2,158.16 2 0
github.com/wonderpus/wonderpus/internal/provider/gemini.go:158.16,160.3 1 0
github.com/wonderpus/wonderpus/internal/provider/gemini.go:161.2,164.16 3 0
github.com/wonderpus/wonderpus/internal/provider/gemini.go:164.16,166.3 1 0
github.com/wonderpus/wonderpus/internal/provider/gemini.go:169.2,170.12 2 0
github.com/wonderpus/wonderpus/internal/provider/gemini.go:170.12,175.22 4 0
github.com/wonderpus/wonderpus/internal/provider/gemini.go:175.22,177.42 2 0
github.com/wonderpus/wonderpus/internal/provider/gemini.go:177.42,178.13 1 0
github.com/wonderpus/wonderpus/internal/provider/gemini.go:180.4,191.63 3 0
github.com/wonderpus/wonderpus/internal/provider/gemini.go:191.63,192.13 1 0
github.com/wonderpus/wonderpus/internal/provider/gemini.go:195.4,195.33 1 0
github.com/wonderpus/wonderpus/internal/provider/gemini.go:195.33,196.57 1 0
github.com/wonderpus/wonderpus/internal/provider/gemini.go:196.57,197.22 1 0
github.com/wonderpus/wonderpus/internal/provider/gemini.go:197.22,199.7 1 0
github.com/wonderpus/wonderpus/internal/provider/gemini.go:203.3,204.39 2 0
github.com/wonderpus/wonderpus/internal/provider/gemini.go:204.39,206.4 1 0
github.com/wonderpus/wonderpus/internal/provider/gemini.go:209.2,209.16 1 0
github.com/wonderpus/wonderpus/internal/provider/gemini.go:212.88,216.25 3 0
github.com/wonderpus/wonderpus/internal/provider/gemini.go:216.25,217.27 1 0
github.com/wonderpus/wonderpus/internal/provider/gemini.go:217.27,219.12 2 0
github.com/wonderpus/wonderpus/internal/provider/gemini.go:222.3,222.47 1 0
github.com/wonderpus/wonderpus/internal/provider/gemini.go:222.47,226.72 2 0
github.com/wonderpus/wonderpus/internal/provider/gemini.go:226.72,228.5 1 0
github.com/wonderpus/wonderpus/internal/provider/gemini.go:229.4,242.12 2 0
github.com/wonderpus/wonderpus/internal/provider/gemini.go:245.3,245.27 1 0
github.com/wonderpus/wonderpus/internal/provider/gemini.go:245.27,247.23 2 0
github.com/wonderpus/wonderpus/internal/provider/gemini.go:247.23,249.5 1 0
github.com/wonderpus/wonderpus/internal/provider/gemini.go:250.4,250.35 1 0
github.com/wonderpus/wonderpus/internal/provider/gemini.go:250.35,259.5 3 0
github.com/wonderpus/wonderpus/internal/provider/gemini.go:260.4,264.12 2 0
github.com/wonderpus/wonderpus/internal/provider/gemini.go:267.3,268.30 2 0
github.com/wonderpus/wonderpus/internal/provider/gemini.go:268.30,270.4 1 0
github.com/wonderpus/wonderpus/internal/provider/gemini.go:272.3,273.30 2 0
github.com/wonderpus/wonderpus/internal/provider/gemini.go:273.30,274.37 1 0
github.com/wonderpus/wonderpus/internal/provider/gemini.go:274.37,275.25 1 0
github.com/wonderpus/wonderpus/internal/provider/gemini.go:275.25,277.6 1 0
github.com/wonderpus/wonderpus/internal/provider/gemini.go:277.11,277.58 1 0
github.com/wonderpus/wonderpus/internal/provider/gemini.go:277.58,278.52 1 0
github.com/wonderpus/wonderpus/internal/provider/gemini.go:278.52,280.7 1 0
github.com/wonderpus/wonderpus/internal/provider/gemini.go:283.9,285.4 1 0
github.com/wonderpus/wonderpus/internal/provider/gemini.go:287.3,290.5 1 0
github.com/wonderpus/wonderpus/internal/provider/gemini.go:293.2,300.29 2 0
github.com/wonderpus/wonderpus/internal/provider/gemini.go:300.29,306.3 1 0
github.com/wonderpus/wonderpus/internal/provider/gemini.go:308.2,308.20 1 0
github.com/wonderpus/wonderpus/internal/provider/gemini.go:308.20,310.27 2 0
github.com/wonderpus/wonderpus/internal/provider/gemini.go:310.27,318.4 3 0
github.com/wonderpus/wonderpus/internal/provider/gemini.go:319.3,323.4 1 0
github.com/wonderpus/wonderpus/internal/provider/gemini.go:326.2,326.13 1 0
github.com/wonderpus/wonderpus/internal/provider/gemini.go:329.54,331.20 2 0
github.com/wonderpus/wonderpus/internal/provider/gemini.go:331.20,333.3 1 0
github.com/wonderpus/wonderpus/internal/provider/gemini.go:334.2,338.43 4 0
github.com/wonderpus/wonderpus/internal/provider/gemini.go:338.43,340.3 1 0
github.com/wonderpus/wonderpus/internal/provider/gemini.go:342.2,347.3 1 0
github.com/wonderpus/wonderpus/internal/provider/ollama.go:22.59,29.2 1 0
github.com/wonderpus/wonderpus/internal/provider/ollama.go:31.32,31.51 1 0
github.com/wonderpus/wonderpus/internal/provider/ollama.go:33.101,35.17 2 0
github.com/wonderpus/wonderpus/internal/provider/ollama.go:35.17,37.3 1 0
github.com/wonderpus/wonderpus/internal/provider/ollama.go:39.2,47.24 2 0
github.com/wonderpus/wonderpus/internal/provider/ollama.go:47.24,49.3 1 0
github.com/wonderpus/wonderpus/internal/provider/ollama.go:51.2,52.16 2 0
github.com/wonderpus/wonderpus/internal/provider/ollama.go:52.16,54.3 1 0
github.com/wonderpus/wonderpus/internal/provider/ollama.go:56.2,57.16 2 0
github.com/wonderpus/wonderpus/internal/provider/ollama.go:57.16,59.3 1 0
github.com/wonderpus/wonderpus/internal/provider/ollama.go:60.2,63.16 3 0
github.com/wonderpus/wonderpus/internal/provider/ollama.go:63.16,65.3 1 0
github.com/wonderpus/wonderpus/internal/provider/ollama.go:66.2,68.38 2 0
github.com/wonderpus/wonderpus/internal/provider/ollama.go:68.38,71.3 2 0
github.com/wonderpus/wonderpus/internal/provider/ollama.go:73.2,85.67 2 0
github.com/wonderpus/wonderpus/internal/provider/ollama.go:85.67,87.3 1 0
github.com/wonderpus/wonderpus/internal/provider/ollama.go:89.2,90.46 2 0
github.com/wonderpus/wonderpus/internal/provider/ollama.go:90.46,100.3 2 0
github.com/wonderpus/wonderpus/internal/provider/ollama.go:102.2,107.8 1 0
github.com/wonderpus/wonderpus/internal/provider/ollama.go:110.98,112.17 2 0
github.com/wonderpus/wonderpus/internal/provider/ollama.go:112.17,114.3 1 0
github.com/wonderpus/wonderpus/internal/provider/ollama.go:116.2,124.24 2 0
github.com/wonderpus/wonderpus/internal/provider/ollama.go:124.24,126.3 1 0
github.com/wonderpus/wonderpus/internal/provider/ollama.go:128.2,129.16 2 0
github.com/wonderpus/wonderpus/internal/provider/ollama.go:129.16,131.3 1 0
github.com/wonderpus/wonderpus/internal/provider/ollama.go:133.2,134.16 2 0
github.com/wonderpus/wonderpus/internal/provider/ollama.go:134.16,136.3 1 0
github.com/wonderpus/wonderpus/internal/provider/ollama.go:137.2,140.16 3 0
github.com/wonderpus/wonderpus/internal/provider/ollama.go:140.16,142.3 1 0
github.com/wonderpus/wonderpus/internal/provider/ollama.go:144.2,144.38 1 0
github.com/wonderpus/wonderpus/internal/provider/ollama.go:144.38,148.3 3 0
github.com/wonderpus/wonderpus/internal/provider/ollama.go:150.2,151.12 2 0
github.com/wonderpus/wonderpus/internal/provider/ollama.go:151.12,156.22 4 0
github.com/wonderpus/wonderpus/internal/provider/ollama.go:156.22,163.66 2 0
github.com/wonderpus/wonderpus/internal/provider/ollama.go:163.66,164.13 1 0
github.com/wonderpus/wonderpus/internal/provider/ollama.go:166.4,166.35 1 0
github.com/wonderpus/wonderpus/internal/provider/ollama.go:166.35,168.5 1 0
github.com/wonderpus/wonderpus/internal/provider/ollama.go:169.4,169.18 1 0
github.com/wonderpus/wonderpus/internal/provider/ollama.go:169.18,172.5 2 0
github.com/wonderpus/wonderpus/internal/provider/ollama.go:174.3,174.39 1 0
github.com/wonderpus/wonderpus/internal/provider/ollama.go:174.39,176.4 1 0
github.com/wonderpus/wonderpus/internal/provider/ollama.go:179.2,179.16 1 0
github.com/wonderpus/wonderpus/internal/provider/ollama.go:182.56,184.25 2 0
github.com/wonderpus/wonderpus/internal/provider/ollama.go:184.25,187.27 2 0
github.com/wonderpus/wonderpus/internal/provider/ollama.go:187.27,189.35 2 0
github.com/wonderpus/wonderpus/internal/provider/ollama.go:189.35,199.5 3 0
github.com/wonderpus/wonderpus/internal/provider/ollama.go:200.4,200.39 1 0
github.com/wonderpus/wonderpus/internal/provider/ollama.go:203.3,203.15 1 0
github.com/wonderpus/wonderpus/internal/provider/ollama.go:205.2,205.12 1 0
github.com/wonderpus/wonderpus/internal/provider/openai.go:24.61,31.2 1 0
github.com/wonderpus/wonderpus/internal/provider/openai.go:33.32,33.51 1 0
github.com/wonderpus/wonderpus/internal/provider/openai.go:35.101,37.17 2 0
github.com/wonderpus/wonderpus/internal/provider/openai.go:37.17,39.3 1 0
github.com/wonderpus/wonderpus/internal/provider/openai.go:40.2,41.17 2 0
github.com/wonderpus/wonderpus/internal/provider/openai.go:41.17,43.3 1 0
github.com/wonderpus/wonderpus/internal/provider/openai.go:45.2,51.24 2 0
github.com/wonderpus/wonderpus/internal/provider/openai.go:51.24,53.28 2 0
github.com/wonderpus/wonderpus/internal/provider/openai.go:53.28,55.4 1 0
github.com/wonderpus/wonderpus/internal/provider/openai.go:58.2,59.16 2 0
github.com/wonderpus/wonderpus/internal/provider/openai.go:59.16,61.3 1 0
github.com/wonderpus/wonderpus/internal/provider/openai.go:63.2,64.16 2 0
github.com/wonderpus/wonderpus/internal/provider/openai.go:64.16,66.3 1 0
github.com/wonderpus/wonderpus/internal/provider/openai.go:67.2,83.67 3 0
github.com/wonderpus/wonderpus/internal/provider/openai.go:83.67,85.3 1 0
github.com/wonderpus/wonderpus/internal/provider/openai.go:87.2,87.30 1 0
github.com/wonderpus/wonderpus/internal/provider/openai.go:87.30,89.3 1 0
github.com/wonderpus/wonderpus/internal/provider/openai.go:91.2,98.8 1 0
github.com/wonderpus/wonderpus/internal/provider/openai.go:101.98,103.17 2 0
github.com/wonderpus/wonderpus/internal/provider/openai.go:103.17,105.3 1 0
github.com/wonderpus/wonderpus/internal/provider/openai.go:106.2,107.17 2 0
github.com/wonderpus/wonderpus/internal/provider/openai.go:107.17,109.3 1 0
github.com/wonderpus/wonderpus/internal/provider/openai.go:111.2,118.24 2 0
github.com/wonderpus/wonderpus/internal/provider/openai.go:118.24,120.28 2 0
github.com/wonderpus/wonderpus/internal/provider/openai.go:120.28,122.4 1 0
github.com/wonderpus/wonderpus/internal/provider/openai.go:125.2,126.16 2 0
github.com/wonderpus/wonderpus/internal/provider/openai.go:126.16,128.3 1 0
github.com/wonderpus/wonderpus/internal/provider/openai.go:130.2,131.16 2 0
github.com/wonderpus/wonderpus/internal/provider/openai.go:131.16,133.3 1 0
github.com/wonderpus/wonderpus/internal/provider/openai.go:135.2,136.12 2 0
github.com/wonderpus/wonderpus/internal/provider/openai.go:136.12,141.22 4 0
github.com/wonderpus/wonderpus/internal/provider/openai.go:141.22,143.42 2 0
github.com/wonderpus/wonderpus/internal/provider/openai.go:143.42,144.13 1 0
github.com/wonderpus/wonderpus/internal/provider/openai.go:146.4,147.24 2 0
github.com/wonderpus/wonderpus/internal/provider/openai.go:147.24,150.5 2 0
github.com/wonderpus/wonderpus/internal/provider/openai.go:152.4,159.63 2 0
github.com/wonderpus/wonderpus/internal/provider/openai.go:159.63,160.13 1 0
github.com/wonderpus/wonderpus/internal/provider/openai.go:162.4,162.70 1 0
github.com/wonderpus/wonderpus/internal/provider/openai.go:162.70,164.5 1 0
github.com/wonderpus/wonderpus/internal/provider/openai.go:166.3,166.39 1 0
github.com/wonderpus/wonderpus/internal/provider/openai.go:166.39,168.4 1 0
github.com/wonderpus/wonderpus/internal/provider/openai.go:171.2,171.16 1 0
github.com/wonderpus/wonderpus/internal/provider/openai.go:174.97,176.16 2 0
github.com/wonderpus/wonderpus/internal/provider/openai.go:176.16,178.3 1 0
github.com/wonderpus/wonderpus/internal/provider/openai.go:180.2,181.16 2 0
github.com/wonderpus/wonderpus/internal/provider/openai.go:181.16,183.3 1 0
github.com/wonderpus/wonderpus/internal/provider/openai.go:185.2,188.21 3 0
github.com/wonderpus/wonderpus/internal/provider/openai.go:191.56,193.25 2 1
github.com/wonderpus/wonderpus/internal/provider/openai.go:193.25,195.30 2 1
github.com/wonderpus/wonderpus/internal/provider/openai.go:195.30,197.37 2 1
github.com/wonderpus/wonderpus/internal/provider/openai.go:197.37,199.25 2 1
github.com/wonderpus/wonderpus/internal/provider/openai.go:199.25,201.6 1 1
github.com/wonderpus/wonderpus/internal/provider/openai.go:201.11,201.58 1 1
github.com/wonderpus/wonderpus/internal/provider/openai.go:201.58,206.6 1 1
github.com/wonderpus/wonderpus/internal/provider/openai.go:207.5,207.20 1 1
github.com/wonderpus/wonderpus/internal/provider/openai.go:209.4,209.19 1 1
github.com/wonderpus/wonderpus/internal/provider/openai.go:210.9,212.4 1 0
github.com/wonderpus/wonderpus/internal/provider/openai.go:214.3,215.25 2 1
github.com/wonderpus/wonderpus/internal/provider/openai.go:215.25,217.4 1 0
github.com/wonderpus/wonderpus/internal/provider/openai.go:218.3,218.27 1 1
github.com/wonderpus/wonderpus/internal/provider/openai.go:218.27,220.4 1 0
github.com/wonderpus/wonderpus/internal/provider/openai.go:221.3,221.15 1 1
github.com/wonderpus/wonderpus/internal/provider/openai.go:223.2,223.12 1 1
github.com/wonderpus/wonderpus/internal/provider/router.go:35.53,44.74 3 0
github.com/wonderpus/wonderpus/internal/provider/router.go:44.74,47.17 3 0
github.com/wonderpus/wonderpus/internal/provider/router.go:47.17,49.4 1 0
github.com/wonderpus/wonderpus/internal/provider/router.go:53.2,53.43 1 0
github.com/wonderpus/wonderpus/internal/provider/router.go:53.43,54.14 1 0
github.com/wonderpus/wonderpus/internal/provider/router.go:54.14,56.4 1 0
github.com/wonderpus/wonderpus/internal/provider/router.go:57.3,57.26 1 0
github.com/wonderpus/wonderpus/internal/provider/router.go:57.26,59.4 1 0
github.com/wonderpus/wonderpus/internal/provider/router.go:60.3,60.16 1 0
github.com/wonderpus/wonderpus/internal/provider/router.go:64.2,65.16 2 0
github.com/wonderpus/wonderpus/internal/provider/router.go:65.16,67.3 1 0
github.com/wonderpus/wonderpus/internal/provider/router.go:68.2,68.21 1 0
github.com/wonderpus/wonderpus/internal/provider/router.go:68.21,72.3 3 0
github.com/wonderpus/wonderpus/internal/provider/router.go:75.2,76.16 2 0
github.com/wonderpus/wonderpus/internal/provider/router.go:76.16,78.3 1 0
github.com/wonderpus/wonderpus/internal/provider/router.go:79.2,79.24 1 0
github.com/wonderpus/wonderpus/internal/provider/router.go:79.24,83.3 3 0
github.com/wonderpus/wonderpus/internal/provider/router.go:86.2,86.37 1 0
github.com/wonderpus/wonderpus/internal/provider/router.go:86.37,90.3 3 0
github.com/wonderpus/wonderpus/internal/provider/router.go:93.2,94.16 2 0
github.com/wonderpus/wonderpus/internal/provider/router.go:94.16,96.3 1 0
github.com/wonderpus/wonderpus/internal/provider/router.go:97.2,97.21 1 0
github.com/wonderpus/wonderpus/internal/provider/router.go:97.21,101.3 3 0
github.com/wonderpus/wonderpus/internal/provider/router.go:103.2,103.27 1 0
github.com/wonderpus/wonderpus/internal/provider/router.go:103.27,105.3 1 0
github.com/wonderpus/wonderpus/internal/provider/router.go:108.2,108.51 1 0
github.com/wonderpus/wonderpus/internal/provider/router.go:108.51,110.33 1 0
github.com/wonderpus/wonderpus/internal/provider/router.go:110.33,112.9 2 0
github.com/wonderpus/wonderpus/internal/provider/router.go:117.2,123.15 6 0
github.com/wonderpus/wonderpus/internal/provider/router.go:127.36,129.2 1 0
github.com/wonderpus/wonderpus/internal/provider/router.go:132.38,134.2 1 0
github.com/wonderpus/wonderpus/internal/provider/router.go:137.47,139.9 2 0
github.com/wonderpus/wonderpus/internal/provider/router.go:139.9,141.3 1 0
github.com/wonderpus/wonderpus/internal/provider/router.go:142.2,145.12 4 0
github.com/wonderpus/wonderpus/internal/provider/router.go:149.34,151.32 2 0
github.com/wonderpus/wonderpus/internal/provider/router.go:151.32,153.3 1 0
github.com/wonderpus/wonderpus/internal/provider/router.go:154.2,154.14 1 0
github.com/wonderpus/wonderpus/internal/provider/router.go:158.44,160.2 1 0
github.com/wonderpus/wonderpus/internal/provider/router.go:163.113,170.21 5 0
github.com/wonderpus/wonderpus/internal/provider/router.go:170.21,172.3 1 0
github.com/wonderpus/wonderpus/internal/provider/router.go:173.2,173.32 1 0
github.com/wonderpus/wonderpus/internal/provider/router.go:173.32,175.3 1 0
github.com/wonderpus/wonderpus/internal/provider/router.go:177.2,178.27 2 0
github.com/wonderpus/wonderpus/internal/provider/router.go:178.27,183.17 4 0
github.com/wonderpus/wonderpus/internal/provider/router.go:183.17,187.4 3 0
github.com/wonderpus/wonderpus/internal/provider/router.go:188.3,190.108 3 0
github.com/wonderpus/wonderpus/internal/provider/router.go:193.2,196.36 2 0
github.com/wonderpus/wonderpus/internal/provider/router.go:196.36,197.51 1 0
github.com/wonderpus/wonderpus/internal/provider/router.go:197.51,198.12 1 0
github.com/wonderpus/wonderpus/internal/provider/router.go:201.3,204.17 4 0
github.com/wonderpus/wonderpus/internal/provider/router.go:204.17,209.4 4 0
github.com/wonderpus/wonderpus/internal/provider/router.go:210.3,211.83 2 0
github.com/wonderpus/wonderpus/internal/provider/router.go:214.2,214.73 1 0
github.com/wonderpus/wonderpus/internal/provider/router.go:217.62,221.14 4 0
github.com/wonderpus/wonderpus/internal/provider/router.go:221.14,223.3 1 0
github.com/wonderpus/wonderpus/internal/provider/router.go:224.2,226.27 3 0
github.com/wonderpus/wonderpus/internal/provider/router.go:226.27,228.3 1 0
github.com/wonderpus/wonderpus/internal/provider/router.go:231.45,235.14 4 0
github.com/wonderpus/wonderpus/internal/provider/router.go:235.14,237.3 1 0
github.com/wonderpus/wonderpus/internal/provider/router.go:238.2,239.28 2 0
github.com/wonderpus/wonderpus/internal/provider/router.go:242.46,246.14 4 0
github.com/wonderpus/wonderpus/internal/provider/router.go:246.14,248.3 1 0
github.com/wonderpus/wonderpus/internal/provider/router.go:250.2,250.66 1 0
github.com/wonderpus/wonderpus/internal/provider/router.go:250.66,252.3 1 0
github.com/wonderpus/wonderpus/internal/provider/router.go:253.2,253.13 1 0
github.com/wonderpus/wonderpus/internal/health/health.go:19.34,35.2 6 0
github.com/wonderpus/wonderpus/internal/health/health.go:37.71,44.2 3 0
github.com/wonderpus/wonderpus/internal/health/health.go:46.73,50.2 3 0
github.com/wonderpus/wonderpus/internal/health/health.go:52.74,57.2 3 0
github.com/wonderpus/wonderpus/internal/health/health.go:60.26,61.12 1 0
github.com/wonderpus/wonderpus/internal/health/health.go:61.12,63.82 2 0
github.com/wonderpus/wonderpus/internal/health/health.go:63.82,65.4 1 0
github.com/wonderpus/wonderpus/internal/health/health.go:70.54,72.2 1 0
github.com/wonderpus/wonderpus/internal/logging/logger.go:15.41,17.32 2 0
github.com/wonderpus/wonderpus/internal/logging/logger.go:18.15,19.24 1 0
github.com/wonderpus/wonderpus/internal/logging/logger.go:20.14,21.23 1 0
github.com/wonderpus/wonderpus/internal/logging/logger.go:22.15,23.24 1 0
github.com/wonderpus/wonderpus/internal/logging/logger.go:24.10,25.23 1 0
github.com/wonderpus/wonderpus/internal/logging/logger.go:28.2,29.41 2 0
github.com/wonderpus/wonderpus/internal/logging/logger.go:29.41,31.3 1 0
github.com/wonderpus/wonderpus/internal/logging/logger.go:34.2,37.39 3 0
github.com/wonderpus/wonderpus/internal/logging/logger.go:37.39,39.3 1 0
github.com/wonderpus/wonderpus/internal/logging/logger.go:39.8,41.3 1 0
github.com/wonderpus/wonderpus/internal/logging/logger.go:43.2,43.36 1 0
github.com/wonderpus/wonderpus/internal/logging/logger.go:47.46,49.2 1 0
github.com/wonderpus/wonderpus/internal/logging/logger.go:52.77,54.2 1 0
github.com/wonderpus/wonderpus/internal/logging/logger.go:57.42,58.56 1 0
github.com/wonderpus/wonderpus/internal/logging/logger.go:58.56,60.3 1 0
github.com/wonderpus/wonderpus/internal/logging/logger.go:61.2,61.23 1 0
github.com/wonderpus/wonderpus/internal/memory/migrations.go:32.33,35.16 3 0
github.com/wonderpus/wonderpus/internal/memory/migrations.go:35.16,38.3 1 0
github.com/wonderpus/wonderpus/internal/memory/migrations.go:40.2,40.31 1 0
github.com/wonderpus/wonderpus/internal/memory/migrations.go:40.31,41.33 1 0
github.com/wonderpus/wonderpus/internal/memory/migrations.go:41.33,43.18 2 0
github.com/wonderpus/wonderpus/internal/memory/migrations.go:43.18,45.5 1 0
github.com/wonderpus/wonderpus/internal/memory/migrations.go:47.4,47.44 1 0
github.com/wonderpus/wonderpus/internal/memory/migrations.go:47.44,50.5 2 0
github.com/wonderpus/wonderpus/internal/memory/migrations.go:52.4,52.89 1 0
github.com/wonderpus/wonderpus/internal/memory/migrations.go:52.89,55.5 2 0
github.com/wonderpus/wonderpus/internal/memory/migrations.go:57.4,57.38 1 0
github.com/wonderpus/wonderpus/internal/memory/migrations.go:57.38,59.5 1 0
github.com/wonderpus/wonderpus/internal/memory/migrations.go:60.4,60.30 1 0
github.com/wonderpus/wonderpus/internal/memory/migrations.go:63.2,63.12 1 0
github.com/wonderpus/wonderpus/internal/memory/store.go:28.46,30.16 2 0
github.com/wonderpus/wonderpus/internal/memory/store.go:30.16,32.3 1 0
github.com/wonderpus/wonderpus/internal/memory/store.go:35.2,66.43 4 0
github.com/wonderpus/wonderpus/internal/memory/store.go:66.43,69.3 2 0
github.com/wonderpus/wonderpus/internal/memory/store.go:71.2,72.40 2 0
github.com/wonderpus/wonderpus/internal/memory/store.go:72.40,74.3 1 0
github.com/wonderpus/wonderpus/internal/memory/store.go:76.2,76.19 1 0
github.com/wonderpus/wonderpus/internal/memory/store.go:80.47,83.2 2 0
github.com/wonderpus/wonderpus/internal/memory/store.go:86.55,93.2 3 0
github.com/wonderpus/wonderpus/internal/memory/store.go:97.97,98.51 1 0
github.com/wonderpus/wonderpus/internal/memory/store.go:98.51,100.3 1 0
github.com/wonderpus/wonderpus/internal/memory/store.go:102.2,104.28 3 0
github.com/wonderpus/wonderpus/internal/memory/store.go:104.28,107.17 3 0
github.com/wonderpus/wonderpus/internal/memory/store.go:107.17,109.4 1 0
github.com/wonderpus/wonderpus/internal/memory/store.go:110.3,110.18 1 0
github.com/wonderpus/wonderpus/internal/memory/store.go:113.2,115.28 3 0
github.com/wonderpus/wonderpus/internal/memory/store.go:115.28,118.3 2 0
github.com/wonderpus/wonderpus/internal/memory/store.go:120.2,126.16 2 0
github.com/wonderpus/wonderpus/internal/memory/store.go:126.16,128.3 1 0
github.com/wonderpus/wonderpus/internal/memory/store.go:129.2,129.12 1 0
github.com/wonderpus/wonderpus/internal/memory/store.go:134.97,140.16 2 0
github.com/wonderpus/wonderpus/internal/memory/store.go:140.16,142.3 1 0
github.com/wonderpus/wonderpus/internal/memory/store.go:143.2,146.18 3 0
github.com/wonderpus/wonderpus/internal/memory/store.go:146.18,149.80 3 0
github.com/wonderpus/wonderpus/internal/memory/store.go:149.80,151.4 1 0
github.com/wonderpus/wonderpus/internal/memory/store.go:153.3,154.47 2 0
github.com/wonderpus/wonderpus/internal/memory/store.go:154.47,157.18 3 0
github.com/wonderpus/wonderpus/internal/memory/store.go:157.18,160.5 1 0
github.com/wonderpus/wonderpus/internal/memory/store.go:163.3,167.38 2 0
github.com/wonderpus/wonderpus/internal/memory/store.go:167.38,169.4 1 0
github.com/wonderpus/wonderpus/internal/memory/store.go:170.3,170.42 1 0
github.com/wonderpus/wonderpus/internal/memory/store.go:170.42,172.70 2 0
github.com/wonderpus/wonderpus/internal/memory/store.go:172.70,174.5 1 0
github.com/wonderpus/wonderpus/internal/memory/store.go:176.3,176.35 1 0
github.com/wonderpus/wonderpus/internal/memory/store.go:179.2,179.29 1 0
github.com/wonderpus/wonderpus/internal/memory/store.go:183.69,186.16 3 0
github.com/wonderpus/wonderpus/internal/memory/store.go:186.16,188.3 1 0
github.com/wonderpus/wonderpus/internal/memory/store.go:189.2,189.12 1 0
github.com/wonderpus/wonderpus/internal/memory/store.go:193.56,199.2 2 0
github.com/wonderpus/wonderpus/internal/memory/store.go:202.59,205.16 3 0
github.com/wonderpus/wonderpus/internal/memory/store.go:205.16,207.3 1 0
github.com/wonderpus/wonderpus/internal/memory/store.go:208.2,208.27 1 0
github.com/wonderpus/wonderpus/internal/memory/store.go:212.31,213.17 1 0
github.com/wonderpus/wonderpus/internal/memory/store.go:213.17,215.3 1 0
github.com/wonderpus/wonderpus/internal/memory/store.go:216.2,216.12 1 0
github.com/wonderpus/wonderpus/internal/memory/vector.go:16.106,23.16 2 0
github.com/wonderpus/wonderpus/internal/memory/vector.go:23.16,25.3 1 0
github.com/wonderpus/wonderpus/internal/memory/vector.go:26.2,29.18 3 0
github.com/wonderpus/wonderpus/internal/memory/vector.go:29.18,32.63 3 0
github.com/wonderpus/wonderpus/internal/memory/vector.go:32.63,33.12 1 0
github.com/wonderpus/wonderpus/internal/memory/vector.go:36.3,36.40 1 0
github.com/wonderpus/wonderpus/internal/memory/vector.go:36.41,40.4 0 0
github.com/wonderpus/wonderpus/internal/memory/vector.go:42.3,46.5 1 0
github.com/wonderpus/wonderpus/internal/memory/vector.go:48.2,48.21 1 0
github.com/wonderpus/wonderpus/internal/security/audit.go:29.80,31.16 2 0
github.com/wonderpus/wonderpus/internal/security/audit.go:31.16,33.3 1 0
github.com/wonderpus/wonderpus/internal/security/audit.go:36.2,51.16 4 0
github.com/wonderpus/wonderpus/internal/security/audit.go:51.16,54.3 2 0
github.com/wonderpus/wonderpus/internal/security/audit.go:56.2,56.54 1 0
github.com/wonderpus/wonderpus/internal/security/audit.go:60.45,61.30 1 0
github.com/wonderpus/wonderpus/internal/security/audit.go:61.30,63.3 1 0
github.com/wonderpus/wonderpus/internal/security/audit.go:65.2,69.20 3 0
github.com/wonderpus/wonderpus/internal/security/audit.go:69.20,70.57 1 0
github.com/wonderpus/wonderpus/internal/security/audit.go:70.57,72.4 1 0
github.com/wonderpus/wonderpus/internal/security/audit.go:73.3,73.59 1 0
github.com/wonderpus/wonderpus/internal/security/audit.go:73.59,75.4 1 0
github.com/wonderpus/wonderpus/internal/security/audit.go:78.2,88.16 2 0
github.com/wonderpus/wonderpus/internal/security/audit.go:88.16,90.3 1 0
github.com/wonderpus/wonderpus/internal/security/audit.go:94.49,104.2 2 0
github.com/wonderpus/wonderpus/internal/security/audit.go:107.37,108.17 1 0
github.com/wonderpus/wonderpus/internal/security/audit.go:108.17,110.3 1 0
github.com/wonderpus/wonderpus/internal/security/audit.go:111.2,111.12 1 0
github.com/wonderpus/wonderpus/internal/security/audit.go:114.44,115.22 1 0
github.com/wonderpus/wonderpus/internal/security/audit.go:115.22,117.3 1 0
github.com/wonderpus/wonderpus/internal/security/audit.go:118.2,118.27 1 0
github.com/wonderpus/wonderpus/internal/security/encryption.go:15.60,17.16 2 0
github.com/wonderpus/wonderpus/internal/security/encryption.go:17.16,19.3 1 0
github.com/wonderpus/wonderpus/internal/security/encryption.go:21.2,22.16 2 0
github.com/wonderpus/wonderpus/internal/security/encryption.go:22.16,24.3 1 0
github.com/wonderpus/wonderpus/internal/security/encryption.go:26.2,27.59 2 0
github.com/wonderpus/wonderpus/internal/security/encryption.go:27.59,29.3 1 0
github.com/wonderpus/wonderpus/internal/security/encryption.go:31.2,32.59 2 0
github.com/wonderpus/wonderpus/internal/security/encryption.go:36.61,38.16 2 0
github.com/wonderpus/wonderpus/internal/security/encryption.go:38.16,40.3 1 0
github.com/wonderpus/wonderpus/internal/security/encryption.go:42.2,43.16 2 0
github.com/wonderpus/wonderpus/internal/security/encryption.go:43.16,45.3 1 0
github.com/wonderpus/wonderpus/internal/security/encryption.go:47.2,48.16 2 0
github.com/wonderpus/wonderpus/internal/security/encryption.go:48.16,50.3 1 0
github.com/wonderpus/wonderpus/internal/security/encryption.go:52.2,53.33 2 0
github.com/wonderpus/wonderpus/internal/security/encryption.go:53.33,55.3 1 0
github.com/wonderpus/wonderpus/internal/security/encryption.go:57.2,59.16 3 0
github.com/wonderpus/wonderpus/internal/security/encryption.go:59.16,61.3 1 0
github.com/wonderpus/wonderpus/internal/security/encryption.go:63.2,63.31 1 0
github.com/wonderpus/wonderpus/internal/security/encryption.go:67.55,68.20 1 0
github.com/wonderpus/wonderpus/internal/security/encryption.go:68.20,73.3 1 0
github.com/wonderpus/wonderpus/internal/security/encryption.go:75.2,75.66 1 0
github.com/wonderpus/wonderpus/internal/security/ratelimit.go:17.73,23.2 1 0
github.com/wonderpus/wonderpus/internal/security/ratelimit.go:26.53,36.29 7 0
github.com/wonderpus/wonderpus/internal/security/ratelimit.go:36.29,37.22 1 0
github.com/wonderpus/wonderpus/internal/security/ratelimit.go:37.22,39.4 1 0
github.com/wonderpus/wonderpus/internal/security/ratelimit.go:42.2,42.34 1 0
github.com/wonderpus/wonderpus/internal/security/ratelimit.go:42.34,45.3 2 0
github.com/wonderpus/wonderpus/internal/security/ratelimit.go:47.2,48.13 2 0
github.com/wonderpus/wonderpus/internal/security/ratelimit.go:52.34,59.38 5 0
github.com/wonderpus/wonderpus/internal/security/ratelimit.go:59.38,61.30 2 0
github.com/wonderpus/wonderpus/internal/security/ratelimit.go:61.30,62.23 1 0
github.com/wonderpus/wonderpus/internal/security/ratelimit.go:62.23,64.5 1 0
github.com/wonderpus/wonderpus/internal/security/ratelimit.go:66.3,66.22 1 0
github.com/wonderpus/wonderpus/internal/security/ratelimit.go:66.22,68.4 1 0
github.com/wonderpus/wonderpus/internal/security/ratelimit.go:68.9,70.4 1 0
github.com/wonderpus/wonderpus/internal/security/sanitizer.go:76.44,78.2 1 1
github.com/wonderpus/wonderpus/internal/security/sanitizer.go:82.63,83.16 1 1
github.com/wonderpus/wonderpus/internal/security/sanitizer.go:83.16,85.3 1 0
github.com/wonderpus/wonderpus/internal/security/sanitizer.go:88.2,94.38 4 1
github.com/wonderpus/wonderpus/internal/security/sanitizer.go:94.38,95.35 1 1
github.com/wonderpus/wonderpus/internal/security/sanitizer.go:95.35,101.4 1 1
github.com/wonderpus/wonderpus/internal/security/sanitizer.go:105.2,105.42 1 1
github.com/wonderpus/wonderpus/internal/security/sanitizer.go:105.42,106.42 1 1
github.com/wonderpus/wonderpus/internal/security/sanitizer.go:106.42,108.4 1 0
github.com/wonderpus/wonderpus/internal/security/sanitizer.go:109.3,109.13 1 1
github.com/wonderpus/wonderpus/internal/security/sanitizer.go:109.13,111.4 1 1
github.com/wonderpus/wonderpus/internal/security/sanitizer.go:112.3,112.11 1 1
github.com/wonderpus/wonderpus/internal/security/sanitizer.go:115.2,115.25 1 1
github.com/wonderpus/wonderpus/internal/security/sanitizer.go:119.71,120.23 1 1
github.com/wonderpus/wonderpus/internal/security/sanitizer.go:120.23,122.3 1 0
github.com/wonderpus/wonderpus/internal/security/sanitizer.go:123.2,123.26 1 1
github.com/wonderpus/wonderpus/internal/security/sanitizer.go:127.45,128.28 1 0
github.com/wonderpus/wonderpus/internal/security/sanitizer.go:128.28,129.27 1 0
github.com/wonderpus/wonderpus/internal/security/sanitizer.go:129.27,131.4 1 0
github.com/wonderpus/wonderpus/internal/security/sanitizer.go:133.2,133.14 1 0
github.com/wonderpus/wonderpus/internal/tool/executor.go:45.13,55.2 1 1
github.com/wonderpus/wonderpus/internal/tool/executor.go:58.72,63.9 3 1
github.com/wonderpus/wonderpus/internal/tool/executor.go:63.9,65.3 1 0
github.com/wonderpus/wonderpus/internal/tool/executor.go:68.2,68.42 1 1
github.com/wonderpus/wonderpus/internal/tool/executor.go:68.42,70.17 2 1
github.com/wonderpus/wonderpus/internal/tool/executor.go:70.17,72.4 1 0
github.com/wonderpus/wonderpus/internal/tool/executor.go:73.3,73.16 1 1
github.com/wonderpus/wonderpus/internal/tool/executor.go:73.16,81.4 2 1
github.com/wonderpus/wonderpus/internal/tool/executor.go:85.2,94.16 6 1
github.com/wonderpus/wonderpus/internal/tool/executor.go:94.16,96.3 1 0
github.com/wonderpus/wonderpus/internal/tool/executor.go:97.2,97.19 1 1
github.com/wonderpus/wonderpus/internal/tool/executor.go:97.19,99.3 1 0
github.com/wonderpus/wonderpus/internal/tool/executor.go:102.2,106.24 3 1
github.com/wonderpus/wonderpus/internal/tool/executor.go:106.24,108.3 1 0
github.com/wonderpus/wonderpus/internal/tool/executor.go:110.2,120.15 3 1
github.com/wonderpus/wonderpus/internal/tool/executor.go:124.53,129.38 4 1
github.com/wonderpus/wonderpus/internal/tool/executor.go:129.38,132.3 2 1
github.com/wonderpus/wonderpus/internal/tool/executor.go:133.2,133.12 1 1
github.com/wonderpus/wonderpus/internal/tool/executor.go:136.78,141.9 4 1
github.com/wonderpus/wonderpus/internal/tool/executor.go:141.9,144.3 2 1
github.com/wonderpus/wonderpus/internal/tool/executor.go:145.2,147.13 3 1
github.com/wonderpus/wonderpus/internal/tool/executor.go:147.13,149.3 1 0
github.com/wonderpus/wonderpus/internal/tool/registry.go:22.30,27.2 1 1
github.com/wonderpus/wonderpus/internal/tool/registry.go:30.43,34.44 3 1
github.com/wonderpus/wonderpus/internal/tool/registry.go:34.44,36.3 1 1
github.com/wonderpus/wonderpus/internal/tool/registry.go:37.2,43.12 3 1
github.com/wonderpus/wonderpus/internal/tool/registry.go:47.50,52.2 4 1
github.com/wonderpus/wonderpus/internal/tool/registry.go:55.34,60.28 4 0
github.com/wonderpus/wonderpus/internal/tool/registry.go:60.28,62.3 1 0
github.com/wonderpus/wonderpus/internal/tool/registry.go:63.2,63.12 1 0
github.com/wonderpus/wonderpus/internal/tool/registry.go:67.43,70.26 3 0
github.com/wonderpus/wonderpus/internal/tool/registry.go:70.26,72.3 1 0
github.com/wonderpus/wonderpus/internal/tool/registry.go:73.2,73.16 1 0
github.com/wonderpus/wonderpus/internal/tool/registry.go:77.32,81.2 3 1
github.com/wonderpus/wonderpus/internal/tool/tool.go:61.37,67.27 4 0
github.com/wonderpus/wonderpus/internal/tool/tool.go:67.27,72.17 2 0
github.com/wonderpus/wonderpus/internal/tool/tool.go:72.17,74.4 1 0
github.com/wonderpus/wonderpus/internal/tool/tool.go:77.2,81.23 2 0
github.com/wonderpus/wonderpus/internal/tool/tool.go:81.23,83.3 1 0
github.com/wonderpus/wonderpus/internal/tool/tool.go:85.2,94.3 2 0
github.com/wonderpus/wonderpus/internal/tui/boxes.go:26.39,35.2 1 0
github.com/wonderpus/wonderpus/internal/tui/boxes.go:37.43,40.2 2 0
github.com/wonderpus/wonderpus/internal/tui/boxes.go:42.45,44.2 1 0
github.com/wonderpus/wonderpus/internal/tui/boxes.go:46.40,48.2 1 0
github.com/wonderpus/wonderpus/internal/tui/boxes.go:50.42,52.2 1 0
github.com/wonderpus/wonderpus/internal/tui/boxes.go:54.33,62.17 3 0
github.com/wonderpus/wonderpus/internal/tui/boxes.go:62.17,64.3 1 0
github.com/wonderpus/wonderpus/internal/tui/boxes.go:65.2,65.18 1 0
github.com/wonderpus/wonderpus/internal/tui/boxes.go:65.18,67.3 1 0
github.com/wonderpus/wonderpus/internal/tui/boxes.go:69.2,69.34 1 0
github.com/wonderpus/wonderpus/internal/tui/boxes.go:69.34,76.3 3 0
github.com/wonderpus/wonderpus/internal/tui/boxes.go:78.2,78.30 1 0
github.com/wonderpus/wonderpus/internal/tui/boxes.go:81.52,82.17 1 0
github.com/wonderpus/wonderpus/internal/tui/boxes.go:83.23,84.34 1 0
github.com/wonderpus/wonderpus/internal/tui/boxes.go:85.22,86.33 1 0
github.com/wonderpus/wonderpus/internal/tui/boxes.go:87.22,88.33 1 0
github.com/wonderpus/wonderpus/internal/tui/boxes.go:89.20,90.33 1 0
github.com/wonderpus/wonderpus/internal/tui/boxes.go:91.21,92.32 1 0
github.com/wonderpus/wonderpus/internal/tui/boxes.go:93.10,94.34 1 0
github.com/wonderpus/wonderpus/internal/tui/boxes.go:98.39,100.2 1 0
github.com/wonderpus/wonderpus/internal/tui/boxes.go:102.52,106.2 3 0
github.com/wonderpus/wonderpus/internal/tui/boxes.go:108.52,113.2 4 0
github.com/wonderpus/wonderpus/internal/tui/boxes.go:115.79,119.19 3 0
github.com/wonderpus/wonderpus/internal/tui/boxes.go:120.27,122.15 2 0
github.com/wonderpus/wonderpus/internal/tui/boxes.go:123.27,125.15 2 0
github.com/wonderpus/wonderpus/internal/tui/boxes.go:126.25,128.15 2 0
github.com/wonderpus/wonderpus/internal/tui/boxes.go:129.10,131.15 2 0
github.com/wonderpus/wonderpus/internal/tui/boxes.go:134.2,147.94 4 0
github.com/wonderpus/wonderpus/internal/tui/forms.go:22.39,28.2 1 0
github.com/wonderpus/wonderpus/internal/tui/forms.go:30.78,39.2 1 0
github.com/wonderpus/wonderpus/internal/tui/forms.go:41.86,50.2 1 0
github.com/wonderpus/wonderpus/internal/tui/forms.go:52.50,53.26 1 0
github.com/wonderpus/wonderpus/internal/tui/forms.go:53.26,54.31 1 0
github.com/wonderpus/wonderpus/internal/tui/forms.go:54.31,56.9 2 0
github.com/wonderpus/wonderpus/internal/tui/forms.go:61.50,62.33 1 0
github.com/wonderpus/wonderpus/internal/tui/forms.go:62.33,63.25 1 0
[...]
github.com/wonderpus/wonderpus/internal/tool/builtin/calculator.go:140.15,141.30 1 0
github.com/wonderpus/wonderpus/internal/tool/builtin/calculator.go:142.14,143.29 1 0
github.com/wonderpus/wonderpus/internal/tool/builtin/calculator.go:144.14,145.29 1 0
github.com/wonderpus/wonderpus/internal/tool/builtin/calculator.go:146.14,147.29 1 0
github.com/wonderpus/wonderpus/internal/tool/builtin/calculator.go:148.14,149.29 1 0
github.com/wonderpus/wonderpus/internal/tool/builtin/calculator.go:150.14,151.29 1 0
github.com/wonderpus/wonderpus/internal/tool/builtin/calculator.go:152.15,153.30 1 0
github.com/wonderpus/wonderpus/internal/tool/builtin/calculator.go:154.16,155.31 1 0
github.com/wonderpus/wonderpus/internal/tool/builtin/calculator.go:156.15,157.30 1 0
github.com/wonderpus/wonderpus/internal/tool/builtin/calculator.go:158.16,159.31 1 0
github.com/wonderpus/wonderpus/internal/tool/builtin/calculator.go:160.16,161.31 1 0
github.com/wonderpus/wonderpus/internal/tool/builtin/calculator.go:162.14,163.23 1 0
github.com/wonderpus/wonderpus/internal/tool/builtin/calculator.go:163.23,165.5 1 0
github.com/wonderpus/wonderpus/internal/tool/builtin/calculator.go:166.4,167.18 2 0
github.com/wonderpus/wonderpus/internal/tool/builtin/calculator.go:167.18,169.5 1 0
github.com/wonderpus/wonderpus/internal/tool/builtin/calculator.go:170.4,170.35 1 0
github.com/wonderpus/wonderpus/internal/tool/builtin/calculator.go:171.11,172.62 1 0
github.com/wonderpus/wonderpus/internal/tool/builtin/calculator.go:175.18,177.17 1 0
github.com/wonderpus/wonderpus/internal/tool/builtin/calculator.go:178.19,179.23 1 0
github.com/wonderpus/wonderpus/internal/tool/builtin/calculator.go:180.17,181.22 1 0
github.com/wonderpus/wonderpus/internal/tool/builtin/calculator.go:182.11,183.58 1 0
github.com/wonderpus/wonderpus/internal/tool/builtin/calculator.go:186.10,187.54 1 0
github.com/wonderpus/wonderpus/internal/tool/builtin/calculator.go:191.46,194.2 1 0
github.com/wonderpus/wonderpus/internal/tool/builtin/file.go:19.51,21.2 1 0
github.com/wonderpus/wonderpus/internal/tool/builtin/file.go:23.41,23.63 1 0
github.com/wonderpus/wonderpus/internal/tool/builtin/file.go:24.42,24.134 1 0
github.com/wonderpus/wonderpus/internal/tool/builtin/file.go:25.42,25.58 1 0
github.com/wonderpus/wonderpus/internal/tool/builtin/file.go:26.42,26.60 1 0
github.com/wonderpus/wonderpus/internal/tool/builtin/file.go:27.44,27.58 1 0
github.com/wonderpus/wonderpus/internal/tool/builtin/file.go:28.53,32.2 1 0
github.com/wonderpus/wonderpus/internal/tool/builtin/file.go:34.92,36.16 2 0
github.com/wonderpus/wonderpus/internal/tool/builtin/file.go:36.16,38.3 1 0
github.com/wonderpus/wonderpus/internal/tool/builtin/file.go:40.2,41.16 2 0
github.com/wonderpus/wonderpus/internal/tool/builtin/file.go:41.16,43.3 1 0
github.com/wonderpus/wonderpus/internal/tool/builtin/file.go:45.2,45.27 1 0
github.com/wonderpus/wonderpus/internal/tool/builtin/file.go:45.27,47.3 1 0
github.com/wonderpus/wonderpus/internal/tool/builtin/file.go:49.2,50.16 2 0
github.com/wonderpus/wonderpus/internal/tool/builtin/file.go:50.16,52.3 1 0
github.com/wonderpus/wonderpus/internal/tool/builtin/file.go:55.2,56.26 2 0
github.com/wonderpus/wonderpus/internal/tool/builtin/file.go:56.26,58.3 1 0
github.com/wonderpus/wonderpus/internal/tool/builtin/file.go:60.2,60.43 1 0
github.com/wonderpus/wonderpus/internal/tool/builtin/file.go:63.51,65.37 1 0
github.com/wonderpus/wonderpus/internal/tool/builtin/file.go:65.37,67.3 1 0
github.com/wonderpus/wonderpus/internal/tool/builtin/file.go:69.2,69.41 1 0
github.com/wonderpus/wonderpus/internal/tool/builtin/file.go:69.41,71.17 2 0
github.com/wonderpus/wonderpus/internal/tool/builtin/file.go:71.17,72.12 1 0
github.com/wonderpus/wonderpus/internal/tool/builtin/file.go:74.3,74.45 1 0
github.com/wonderpus/wonderpus/internal/tool/builtin/file.go:74.45,76.4 1 0
github.com/wonderpus/wonderpus/internal/tool/builtin/file.go:78.2,78.14 1 0
github.com/wonderpus/wonderpus/internal/tool/builtin/file.go:87.53,89.2 1 0
github.com/wonderpus/wonderpus/internal/tool/builtin/file.go:91.42,91.65 1 0
github.com/wonderpus/wonderpus/internal/tool/builtin/file.go:92.43,92.158 1 0
github.com/wonderpus/wonderpus/internal/tool/builtin/file.go:93.43,93.58 1 0
github.com/wonderpus/wonderpus/internal/tool/builtin/file.go:94.43,94.61 1 0
github.com/wonderpus/wonderpus/internal/tool/builtin/file.go:95.45,95.59 1 0
github.com/wonderpus/wonderpus/internal/tool/builtin/file.go:96.54,101.2 1 0
github.com/wonderpus/wonderpus/internal/tool/builtin/file.go:103.93,107.16 3 0
github.com/wonderpus/wonderpus/internal/tool/builtin/file.go:107.16,109.3 1 0
github.com/wonderpus/wonderpus/internal/tool/builtin/file.go:111.2,112.16 2 0
github.com/wonderpus/wonderpus/internal/tool/builtin/file.go:112.16,114.3 1 0
github.com/wonderpus/wonderpus/internal/tool/builtin/file.go:116.2,116.27 1 0
github.com/wonderpus/wonderpus/internal/tool/builtin/file.go:116.27,118.3 1 0
github.com/wonderpus/wonderpus/internal/tool/builtin/file.go:121.2,122.47 2 0
github.com/wonderpus/wonderpus/internal/tool/builtin/file.go:122.47,124.3 1 0
github.com/wonderpus/wonderpus/internal/tool/builtin/file.go:126.2,126.69 1 0
github.com/wonderpus/wonderpus/internal/tool/builtin/file.go:126.69,128.3 1 0
github.com/wonderpus/wonderpus/internal/tool/builtin/file.go:130.2,130.104 1 0
github.com/wonderpus/wonderpus/internal/tool/builtin/file.go:133.52,134.37 1 0
github.com/wonderpus/wonderpus/internal/tool/builtin/file.go:134.37,136.3 1 0
github.com/wonderpus/wonderpus/internal/tool/builtin/file.go:137.2,137.41 1 0
github.com/wonderpus/wonderpus/internal/tool/builtin/file.go:137.41,139.17 2 0
github.com/wonderpus/wonderpus/internal/tool/builtin/file.go:139.17,140.12 1 0
github.com/wonderpus/wonderpus/internal/tool/builtin/file.go:142.3,142.45 1 0
github.com/wonderpus/wonderpus/internal/tool/builtin/file.go:142.45,144.4 1 0
github.com/wonderpus/wonderpus/internal/tool/builtin/file.go:146.2,146.14 1 0
github.com/wonderpus/wonderpus/internal/tool/builtin/file.go:155.51,157.2 1 0
github.com/wonderpus/wonderpus/internal/tool/builtin/file.go:159.41,159.63 1 0
github.com/wonderpus/wonderpus/internal/tool/builtin/file.go:160.42,160.138 1 0
github.com/wonderpus/wonderpus/internal/tool/builtin/file.go:161.42,161.58 1 0
github.com/wonderpus/wonderpus/internal/tool/builtin/file.go:162.42,162.60 1 0
github.com/wonderpus/wonderpus/internal/tool/builtin/file.go:163.44,163.58 1 0
github.com/wonderpus/wonderpus/internal/tool/builtin/file.go:164.53,168.2 1 0
github.com/wonderpus/wonderpus/internal/tool/builtin/file.go:170.92,172.16 2 0
github.com/wonderpus/wonderpus/internal/tool/builtin/file.go:172.16,174.3 1 0
github.com/wonderpus/wonderpus/internal/tool/builtin/file.go:176.2,177.16 2 0
github.com/wonderpus/wonderpus/internal/tool/builtin/file.go:177.16,179.3 1 0
github.com/wonderpus/wonderpus/internal/tool/builtin/file.go:181.2,181.27 1 0
github.com/wonderpus/wonderpus/internal/tool/builtin/file.go:181.27,183.3 1 0
github.com/wonderpus/wonderpus/internal/tool/builtin/file.go:185.2,186.16 2 0
github.com/wonderpus/wonderpus/internal/tool/builtin/file.go:186.16,188.3 1 0
github.com/wonderpus/wonderpus/internal/tool/builtin/file.go:190.2,191.28 2 0
github.com/wonderpus/wonderpus/internal/tool/builtin/file.go:191.28,193.17 2 0
github.com/wonderpus/wonderpus/internal/tool/builtin/file.go:193.17,194.12 1 0
github.com/wonderpus/wonderpus/internal/tool/builtin/file.go:196.3,197.16 2 0
github.com/wonderpus/wonderpus/internal/tool/builtin/file.go:197.16,199.4 1 0
github.com/wonderpus/wonderpus/internal/tool/builtin/file.go:200.3,200.84 1 0
github.com/wonderpus/wonderpus/internal/tool/builtin/file.go:203.2,203.21 1 0
github.com/wonderpus/wonderpus/internal/tool/builtin/file.go:203.21,205.3 1 0
github.com/wonderpus/wonderpus/internal/tool/builtin/file.go:207.2,207.61 1 0
github.com/wonderpus/wonderpus/internal/tool/builtin/file.go:210.51,211.37 1 0
github.com/wonderpus/wonderpus/internal/tool/builtin/file.go:211.37,213.3 1 0
github.com/wonderpus/wonderpus/internal/tool/builtin/file.go:214.2,214.41 1 0
github.com/wonderpus/wonderpus/internal/tool/builtin/file.go:214.41,216.17 2 0
github.com/wonderpus/wonderpus/internal/tool/builtin/file.go:216.17,217.12 1 0
github.com/wonderpus/wonderpus/internal/tool/builtin/file.go:219.3,219.45 1 0
github.com/wonderpus/wonderpus/internal/tool/builtin/file.go:219.45,221.4 1 0
github.com/wonderpus/wonderpus/internal/tool/builtin/file.go:223.2,223.14 1 0
github.com/wonderpus/wonderpus/internal/tool/builtin/file.go:232.51,234.2 1 0
github.com/wonderpus/wonderpus/internal/tool/builtin/file.go:236.41,236.63 1 0
github.com/wonderpus/wonderpus/internal/tool/builtin/file.go:237.42,237.152 1 0
github.com/wonderpus/wonderpus/internal/tool/builtin/file.go:238.42,238.58 1 0
github.com/wonderpus/wonderpus/internal/tool/builtin/file.go:239.42,239.60 1 0
github.com/wonderpus/wonderpus/internal/tool/builtin/file.go:240.44,240.58 1 0
github.com/wonderpus/wonderpus/internal/tool/builtin/file.go:241.53,245.2 1 0
github.com/wonderpus/wonderpus/internal/tool/builtin/file.go:247.92,249.19 2 0
github.com/wonderpus/wonderpus/internal/tool/builtin/file.go:249.19,251.3 1 0
github.com/wonderpus/wonderpus/internal/tool/builtin/file.go:253.2,254.16 2 0
github.com/wonderpus/wonderpus/internal/tool/builtin/file.go:254.16,256.3 1 0
github.com/wonderpus/wonderpus/internal/tool/builtin/file.go:258.2,259.28 2 0
github.com/wonderpus/wonderpus/internal/tool/builtin/file.go:259.28,261.17 2 0
github.com/wonderpus/wonderpus/internal/tool/builtin/file.go:261.17,262.12 1 0
github.com/wonderpus/wonderpus/internal/tool/builtin/file.go:264.3,264.23 1 0
github.com/wonderpus/wonderpus/internal/tool/builtin/file.go:264.23,266.4 1 0
github.com/wonderpus/wonderpus/internal/tool/builtin/file.go:269.2,269.30 1 0
github.com/wonderpus/wonderpus/internal/tool/builtin/file.go:269.30,271.3 1 0
github.com/wonderpus/wonderpus/internal/tool/builtin/file.go:273.2,273.70 1 0
github.com/wonderpus/wonderpus/internal/tool/builtin/file.go:276.51,277.37 1 0
github.com/wonderpus/wonderpus/internal/tool/builtin/file.go:277.37,279.3 1 0
github.com/wonderpus/wonderpus/internal/tool/builtin/file.go:280.2,280.41 1 0
github.com/wonderpus/wonderpus/internal/tool/builtin/file.go:280.41,282.17 2 0
github.com/wonderpus/wonderpus/internal/tool/builtin/file.go:282.17,283.12 1 0
github.com/wonderpus/wonderpus/internal/tool/builtin/file.go:285.3,285.45 1 0
github.com/wonderpus/wonderpus/internal/tool/builtin/file.go:285.45,287.4 1 0
github.com/wonderpus/wonderpus/internal/tool/builtin/file.go:289.2,289.14 1 0
github.com/wonderpus/wonderpus/internal/tool/builtin/http.go:21.36,23.2 1 0
github.com/wonderpus/wonderpus/internal/tool/builtin/http.go:25.44,25.69 1 0
github.com/wonderpus/wonderpus/internal/tool/builtin/http.go:26.45,26.167 1 0
github.com/wonderpus/wonderpus/internal/tool/builtin/http.go:27.45,27.60 1 0
github.com/wonderpus/wonderpus/internal/tool/builtin/http.go:28.45,28.63 1 0
github.com/wonderpus/wonderpus/internal/tool/builtin/http.go:29.47,29.61 1 0
github.com/wonderpus/wonderpus/internal/tool/builtin/http.go:30.56,36.2 1 0
github.com/wonderpus/wonderpus/internal/tool/builtin/http.go:38.95,43.18 4 0
github.com/wonderpus/wonderpus/internal/tool/builtin/http.go:43.18,45.3 1 0
github.com/wonderpus/wonderpus/internal/tool/builtin/http.go:46.2,46.18 1 0
github.com/wonderpus/wonderpus/internal/tool/builtin/http.go:46.18,48.3 1 0
github.com/wonderpus/wonderpus/internal/tool/builtin/http.go:49.2,52.54 2 0
github.com/wonderpus/wonderpus/internal/tool/builtin/http.go:52.54,54.3 1 0
github.com/wonderpus/wonderpus/internal/tool/builtin/http.go:56.2,57.16 2 0
github.com/wonderpus/wonderpus/internal/tool/builtin/http.go:57.16,59.3 1 0
github.com/wonderpus/wonderpus/internal/tool/builtin/http.go:61.2,62.16 2 0
github.com/wonderpus/wonderpus/internal/tool/builtin/http.go:62.16,64.3 1 0
github.com/wonderpus/wonderpus/internal/tool/builtin/http.go:66.2,66.16 1 0
github.com/wonderpus/wonderpus/internal/tool/builtin/http.go:66.16,68.3 1 0
github.com/wonderpus/wonderpus/internal/tool/builtin/http.go:70.2,71.16 2 0
github.com/wonderpus/wonderpus/internal/tool/builtin/http.go:71.16,73.3 1 0
github.com/wonderpus/wonderpus/internal/tool/builtin/http.go:74.2,77.16 3 0
github.com/wonderpus/wonderpus/internal/tool/builtin/http.go:77.16,79.3 1 0
github.com/wonderpus/wonderpus/internal/tool/builtin/http.go:81.2,83.42 2 0
github.com/wonderpus/wonderpus/internal/tool/builtin/http.go:87.49,89.16 2 0
github.com/wonderpus/wonderpus/internal/tool/builtin/http.go:89.16,91.3 1 0
github.com/wonderpus/wonderpus/internal/tool/builtin/http.go:93.2,97.86 3 0
github.com/wonderpus/wonderpus/internal/tool/builtin/http.go:97.86,98.43 1 0
github.com/wonderpus/wonderpus/internal/tool/builtin/http.go:98.43,100.4 1 0
github.com/wonderpus/wonderpus/internal/tool/builtin/http.go:104.2,105.15 2 0
github.com/wonderpus/wonderpus/internal/tool/builtin/http.go:105.15,106.96 1 0
github.com/wonderpus/wonderpus/internal/tool/builtin/http.go:106.96,108.4 1 0
github.com/wonderpus/wonderpus/internal/tool/builtin/http.go:111.2,111.18 1 0
github.com/wonderpus/wonderpus/internal/tool/builtin/search.go:19.57,21.2 1 0
github.com/wonderpus/wonderpus/internal/tool/builtin/search.go:23.44,23.71 1 0
github.com/wonderpus/wonderpus/internal/tool/builtin/search.go:24.45,24.179 1 0
github.com/wonderpus/wonderpus/internal/tool/builtin/search.go:25.45,25.61 1 0
github.com/wonderpus/wonderpus/internal/tool/builtin/search.go:26.45,26.63 1 0
github.com/wonderpus/wonderpus/internal/tool/builtin/search.go:27.47,27.61 1 0
github.com/wonderpus/wonderpus/internal/tool/builtin/search.go:28.56,33.2 1 0
github.com/wonderpus/wonderpus/internal/tool/builtin/search.go:35.95,39.17 3 0
github.com/wonderpus/wonderpus/internal/tool/builtin/search.go:39.17,41.3 1 0
github.com/wonderpus/wonderpus/internal/tool/builtin/search.go:42.2,42.16 1 0
github.com/wonderpus/wonderpus/internal/tool/builtin/search.go:42.16,44.3 1 0
github.com/wonderpus/wonderpus/internal/tool/builtin/search.go:46.2,47.16 2 0
github.com/wonderpus/wonderpus/internal/tool/builtin/search.go:47.16,49.3 1 0
github.com/wonderpus/wonderpus/internal/tool/builtin/search.go:51.2,51.27 1 0
github.com/wonderpus/wonderpus/internal/tool/builtin/search.go:51.27,53.3 1 0
github.com/wonderpus/wonderpus/internal/tool/builtin/search.go:55.2,56.81 2 0
github.com/wonderpus/wonderpus/internal/tool/builtin/search.go:56.81,57.33 1 0
github.com/wonderpus/wonderpus/internal/tool/builtin/search.go:57.33,59.4 1 0
github.com/wonderpus/wonderpus/internal/tool/builtin/search.go:62.3,62.61 1 0
github.com/wonderpus/wonderpus/internal/tool/builtin/search.go:62.61,64.4 1 0
github.com/wonderpus/wonderpus/internal/tool/builtin/search.go:66.3,67.17 2 0
github.com/wonderpus/wonderpus/internal/tool/builtin/search.go:67.17,69.4 1 0
github.com/wonderpus/wonderpus/internal/tool/builtin/search.go:71.3,72.39 2 0
github.com/wonderpus/wonderpus/internal/tool/builtin/search.go:72.39,75.31 2 0
github.com/wonderpus/wonderpus/internal/tool/builtin/search.go:75.31,76.38 1 0
github.com/wonderpus/wonderpus/internal/tool/builtin/search.go:76.38,79.6 2 0
github.com/wonderpus/wonderpus/internal/tool/builtin/search.go:80.5,80.27 1 0
github.com/wonderpus/wonderpus/internal/tool/builtin/search.go:80.27,82.6 1 0
github.com/wonderpus/wonderpus/internal/tool/builtin/search.go:85.3,85.13 1 0
github.com/wonderpus/wonderpus/internal/tool/builtin/search.go:88.2,88.53 1 0
github.com/wonderpus/wonderpus/internal/tool/builtin/search.go:88.53,90.3 1 0
github.com/wonderpus/wonderpus/internal/tool/builtin/search.go:92.2,92.23 1 0
github.com/wonderpus/wonderpus/internal/tool/builtin/search.go:92.23,94.3 1 0
github.com/wonderpus/wonderpus/internal/tool/builtin/search.go:96.2,97.21 2 0
github.com/wonderpus/wonderpus/internal/tool/builtin/search.go:97.21,99.3 1 0
github.com/wonderpus/wonderpus/internal/tool/builtin/search.go:101.2,101.39 1 0
github.com/wonderpus/wonderpus/internal/tool/builtin/search.go:104.54,105.37 1 0
github.com/wonderpus/wonderpus/internal/tool/builtin/search.go:105.37,107.3 1 0
github.com/wonderpus/wonderpus/internal/tool/builtin/search.go:108.2,108.41 1 0
github.com/wonderpus/wonderpus/internal/tool/builtin/search.go:108.41,110.17 2 0
github.com/wonderpus/wonderpus/internal/tool/builtin/search.go:110.17,111.12 1 0
github.com/wonderpus/wonderpus/internal/tool/builtin/search.go:113.3,113.45 1 0
github.com/wonderpus/wonderpus/internal/tool/builtin/search.go:113.45,115.4 1 0
github.com/wonderpus/wonderpus/internal/tool/builtin/search.go:117.2,117.14 1 0
github.com/wonderpus/wonderpus/internal/tool/builtin/shell.go:29.50,31.25 2 0
github.com/wonderpus/wonderpus/internal/tool/builtin/shell.go:31.25,32.38 1 0
github.com/wonderpus/wonderpus/internal/tool/builtin/shell.go:32.38,34.4 1 0
github.com/wonderpus/wonderpus/internal/tool/builtin/shell.go:35.8,36.33 1 0
github.com/wonderpus/wonderpus/internal/tool/builtin/shell.go:36.33,38.4 1 0
github.com/wonderpus/wonderpus/internal/tool/builtin/shell.go:40.2,40.34 1 0
github.com/wonderpus/wonderpus/internal/tool/builtin/shell.go:43.35,43.58 1 0
github.com/wonderpus/wonderpus/internal/tool/builtin/shell.go:44.42,46.2 1 0
github.com/wonderpus/wonderpus/internal/tool/builtin/shell.go:47.38,47.53 1 0
github.com/wonderpus/wonderpus/internal/tool/builtin/shell.go:48.38,48.56 1 0
github.com/wonderpus/wonderpus/internal/tool/builtin/shell.go:49.45,49.59 1 0
github.com/wonderpus/wonderpus/internal/tool/builtin/shell.go:50.54,54.2 1 0
github.com/wonderpus/wonderpus/internal/tool/builtin/shell.go:56.93,58.19 2 0
github.com/wonderpus/wonderpus/internal/tool/builtin/shell.go:58.19,60.3 1 0
github.com/wonderpus/wonderpus/internal/tool/builtin/shell.go:63.2,64.21 2 0
github.com/wonderpus/wonderpus/internal/tool/builtin/shell.go:64.21,66.3 1 0
github.com/wonderpus/wonderpus/internal/tool/builtin/shell.go:68.2,85.46 4 0
github.com/wonderpus/wonderpus/internal/tool/builtin/shell.go:85.46,86.41 1 0
github.com/wonderpus/wonderpus/internal/tool/builtin/shell.go:86.41,88.4 1 0
github.com/wonderpus/wonderpus/internal/tool/builtin/shell.go:92.2,92.27 1 0
github.com/wonderpus/wonderpus/internal/tool/builtin/shell.go:92.27,94.30 2 0
github.com/wonderpus/wonderpus/internal/tool/builtin/shell.go:94.30,96.4 1 0
github.com/wonderpus/wonderpus/internal/tool/builtin/shell.go:97.3,97.131 1 0
github.com/wonderpus/wonderpus/internal/tool/builtin/shell.go:101.2,102.31 2 0
github.com/wonderpus/wonderpus/internal/tool/builtin/shell.go:102.31,104.3 1 0
github.com/wonderpus/wonderpus/internal/tool/builtin/shell.go:104.8,106.3 1 0
github.com/wonderpus/wonderpus/internal/tool/builtin/shell.go:108.2,115.22 6 0
github.com/wonderpus/wonderpus/internal/tool/builtin/shell.go:115.22,117.3 1 0
github.com/wonderpus/wonderpus/internal/tool/builtin/shell.go:120.2,120.25 1 0
github.com/wonderpus/wonderpus/internal/tool/builtin/shell.go:120.25,122.3 1 0
github.com/wonderpus/wonderpus/internal/tool/builtin/shell.go:124.2,124.16 1 0
github.com/wonderpus/wonderpus/internal/tool/builtin/shell.go:124.16,126.3 1 0
github.com/wonderpus/wonderpus/internal/tool/builtin/shell.go:128.2,128.42 1 0
github.com/wonderpus/wonderpus/internal/tool/builtin/system.go:16.34,18.2 1 0
github.com/wonderpus/wonderpus/internal/tool/builtin/system.go:20.43,20.67 1 0
github.com/wonderpus/wonderpus/internal/tool/builtin/system.go:21.44,21.114 1 0
github.com/wonderpus/wonderpus/internal/tool/builtin/system.go:22.44,22.60 1 0
github.com/wonderpus/wonderpus/internal/tool/builtin/system.go:23.44,23.62 1 0
github.com/wonderpus/wonderpus/internal/tool/builtin/system.go:24.46,24.60 1 0
github.com/wonderpus/wonderpus/internal/tool/builtin/system.go:25.55,25.69 1 0
github.com/wonderpus/wonderpus/internal/tool/builtin/system.go:27.94,32.16 4 0
github.com/wonderpus/wonderpus/internal/tool/builtin/system.go:32.16,34.3 1 0
github.com/wonderpus/wonderpus/internal/tool/builtin/system.go:36.2,45.42 2 0
